{"C:\\Projects\\curso-full-stack-club\\finance-app-api\\src\\app.js": {"path":"C:\\Projects\\curso-full-stack-club\\finance-app-api\\src\\app.js","all":true,"statementMap":{"0":{"start":{"line":1,"column":0},"end":{"line":1,"column":30}},"1":{"start":{"line":2,"column":0},"end":{"line":2,"column":68}},"2":{"start":{"line":3,"column":0},"end":{"line":3,"column":43}},"3":{"start":{"line":4,"column":0},"end":{"line":4,"column":20}},"4":{"start":{"line":5,"column":0},"end":{"line":5,"column":24}},"5":{"start":{"line":6,"column":0},"end":{"line":6,"column":0}},"6":{"start":{"line":7,"column":0},"end":{"line":7,"column":29}},"7":{"start":{"line":8,"column":0},"end":{"line":8,"column":0}},"8":{"start":{"line":9,"column":0},"end":{"line":9,"column":24}},"9":{"start":{"line":10,"column":0},"end":{"line":10,"column":0}},"10":{"start":{"line":11,"column":0},"end":{"line":11,"column":35}},"11":{"start":{"line":12,"column":0},"end":{"line":12,"column":49}},"12":{"start":{"line":13,"column":0},"end":{"line":13,"column":0}},"13":{"start":{"line":14,"column":0},"end":{"line":14,"column":35}},"14":{"start":{"line":15,"column":0},"end":{"line":15,"column":18}},"15":{"start":{"line":16,"column":0},"end":{"line":16,"column":59}},"16":{"start":{"line":17,"column":0},"end":{"line":17,"column":11}},"17":{"start":{"line":18,"column":0},"end":{"line":18,"column":4}},"18":{"start":{"line":19,"column":0},"end":{"line":19,"column":2}},"19":{"start":{"line":20,"column":0},"end":{"line":20,"column":0}},"20":{"start":{"line":21,"column":0},"end":{"line":21,"column":68}}},"s":{"0":0,"1":0,"2":0,"3":0,"4":0,"5":0,"6":0,"7":0,"8":0,"9":0,"10":0,"11":0,"12":0,"13":0,"14":0,"15":0,"16":0,"17":0,"18":0,"19":0,"20":0},"branchMap":{"0":{"type":"branch","line":1,"loc":{"start":{"line":1,"column":0},"end":{"line":21,"column":68}},"locations":[{"start":{"line":1,"column":0},"end":{"line":21,"column":68}}]}},"b":{"0":[0]},"fnMap":{"0":{"name":"(empty-report)","decl":{"start":{"line":1,"column":0},"end":{"line":21,"column":68}},"loc":{"start":{"line":1,"column":0},"end":{"line":21,"column":68}},"line":1}},"f":{"0":0}}
,"C:\\Projects\\curso-full-stack-club\\finance-app-api\\src\\adapters\\id-generator.js": {"path":"C:\\Projects\\curso-full-stack-club\\finance-app-api\\src\\adapters\\id-generator.js","all":false,"statementMap":{"0":{"start":{"line":1,"column":0},"end":{"line":1,"column":36}},"1":{"start":{"line":2,"column":0},"end":{"line":2,"column":0}},"2":{"start":{"line":3,"column":0},"end":{"line":3,"column":33}},"3":{"start":{"line":4,"column":0},"end":{"line":4,"column":13}},"4":{"start":{"line":5,"column":0},"end":{"line":5,"column":20}},"5":{"start":{"line":6,"column":0},"end":{"line":6,"column":3}},"6":{"start":{"line":7,"column":0},"end":{"line":7,"column":1}}},"s":{"0":1,"1":1,"2":1,"3":1,"4":1,"5":1,"6":1},"branchMap":{"0":{"type":"branch","line":4,"loc":{"start":{"line":4,"column":2},"end":{"line":6,"column":3}},"locations":[{"start":{"line":4,"column":2},"end":{"line":6,"column":3}}]}},"b":{"0":[1]},"fnMap":{"0":{"name":"execute","decl":{"start":{"line":4,"column":2},"end":{"line":6,"column":3}},"loc":{"start":{"line":4,"column":2},"end":{"line":6,"column":3}},"line":4}},"f":{"0":1}}
,"C:\\Projects\\curso-full-stack-club\\finance-app-api\\src\\adapters\\index.js": {"path":"C:\\Projects\\curso-full-stack-club\\finance-app-api\\src\\adapters\\index.js","all":false,"statementMap":{"0":{"start":{"line":1,"column":0},"end":{"line":1,"column":37}},"1":{"start":{"line":2,"column":0},"end":{"line":2,"column":34}}},"s":{"0":2,"1":2},"branchMap":{"0":{"type":"branch","line":1,"loc":{"start":{"line":1,"column":0},"end":{"line":1,"column":37}},"locations":[{"start":{"line":1,"column":0},"end":{"line":1,"column":37}}]},"1":{"type":"branch","line":1,"loc":{"start":{"line":1,"column":0},"end":{"line":1,"column":37}},"locations":[{"start":{"line":1,"column":0},"end":{"line":1,"column":37}}]},"2":{"type":"branch","line":1,"loc":{"start":{"line":1,"column":0},"end":{"line":1,"column":37}},"locations":[{"start":{"line":1,"column":0},"end":{"line":1,"column":37}}]},"3":{"type":"branch","line":1,"loc":{"start":{"line":1,"column":0},"end":{"line":1,"column":37}},"locations":[{"start":{"line":1,"column":0},"end":{"line":1,"column":37}}]},"4":{"type":"branch","line":1,"loc":{"start":{"line":1,"column":0},"end":{"line":1,"column":37}},"locations":[{"start":{"line":1,"column":0},"end":{"line":1,"column":37}}]},"5":{"type":"branch","line":2,"loc":{"start":{"line":2,"column":0},"end":{"line":2,"column":34}},"locations":[{"start":{"line":2,"column":0},"end":{"line":2,"column":34}}]},"6":{"type":"branch","line":2,"loc":{"start":{"line":2,"column":0},"end":{"line":2,"column":34}},"locations":[{"start":{"line":2,"column":0},"end":{"line":2,"column":34}}]},"7":{"type":"branch","line":2,"loc":{"start":{"line":2,"column":0},"end":{"line":2,"column":34}},"locations":[{"start":{"line":2,"column":0},"end":{"line":2,"column":34}}]},"8":{"type":"branch","line":2,"loc":{"start":{"line":2,"column":0},"end":{"line":2,"column":34}},"locations":[{"start":{"line":2,"column":0},"end":{"line":2,"column":34}}]},"9":{"type":"branch","line":2,"loc":{"start":{"line":2,"column":0},"end":{"line":2,"column":34}},"locations":[{"start":{"line":2,"column":0},"end":{"line":2,"column":34}}]}},"b":{"0":[2],"1":[0],"2":[0],"3":[0],"4":[2],"5":[2],"6":[0],"7":[0],"8":[0],"9":[2]},"fnMap":{"0":{"name":"get","decl":{"start":{"line":1,"column":0},"end":{"line":1,"column":37}},"loc":{"start":{"line":1,"column":0},"end":{"line":1,"column":37}},"line":1},"1":{"name":"get","decl":{"start":{"line":2,"column":0},"end":{"line":2,"column":34}},"loc":{"start":{"line":2,"column":0},"end":{"line":2,"column":34}},"line":2}},"f":{"0":2,"1":2}}
,"C:\\Projects\\curso-full-stack-club\\finance-app-api\\src\\adapters\\password-hasher.js": {"path":"C:\\Projects\\curso-full-stack-club\\finance-app-api\\src\\adapters\\password-hasher.js","all":false,"statementMap":{"0":{"start":{"line":1,"column":0},"end":{"line":1,"column":28}},"1":{"start":{"line":2,"column":0},"end":{"line":2,"column":0}},"2":{"start":{"line":3,"column":0},"end":{"line":3,"column":36}},"3":{"start":{"line":4,"column":0},"end":{"line":4,"column":21}},"4":{"start":{"line":5,"column":0},"end":{"line":5,"column":37}},"5":{"start":{"line":6,"column":0},"end":{"line":6,"column":3}},"6":{"start":{"line":7,"column":0},"end":{"line":7,"column":1}}},"s":{"0":1,"1":1,"2":1,"3":1,"4":1,"5":1,"6":1},"branchMap":{"0":{"type":"branch","line":4,"loc":{"start":{"line":4,"column":2},"end":{"line":6,"column":3}},"locations":[{"start":{"line":4,"column":2},"end":{"line":6,"column":3}}]}},"b":{"0":[1]},"fnMap":{"0":{"name":"execute","decl":{"start":{"line":4,"column":2},"end":{"line":6,"column":3}},"loc":{"start":{"line":4,"column":2},"end":{"line":6,"column":3}},"line":4}},"f":{"0":1}}
,"C:\\Projects\\curso-full-stack-club\\finance-app-api\\src\\controllers\\index.js": {"path":"C:\\Projects\\curso-full-stack-club\\finance-app-api\\src\\controllers\\index.js","all":false,"statementMap":{"0":{"start":{"line":1,"column":0},"end":{"line":1,"column":38}},"1":{"start":{"line":2,"column":0},"end":{"line":2,"column":41}},"2":{"start":{"line":3,"column":0},"end":{"line":3,"column":38}},"3":{"start":{"line":4,"column":0},"end":{"line":4,"column":38}},"4":{"start":{"line":5,"column":0},"end":{"line":5,"column":43}},"5":{"start":{"line":6,"column":0},"end":{"line":6,"column":0}},"6":{"start":{"line":7,"column":0},"end":{"line":7,"column":52}},"7":{"start":{"line":8,"column":0},"end":{"line":8,"column":60}},"8":{"start":{"line":9,"column":0},"end":{"line":9,"column":52}},"9":{"start":{"line":10,"column":0},"end":{"line":10,"column":52}}},"s":{"0":2,"1":2,"2":2,"3":2,"4":2,"5":1,"6":2,"7":2,"8":2,"9":2},"branchMap":{"0":{"type":"branch","line":1,"loc":{"start":{"line":1,"column":0},"end":{"line":1,"column":38}},"locations":[{"start":{"line":1,"column":0},"end":{"line":1,"column":38}}]},"1":{"type":"branch","line":1,"loc":{"start":{"line":1,"column":0},"end":{"line":1,"column":38}},"locations":[{"start":{"line":1,"column":0},"end":{"line":1,"column":38}}]},"2":{"type":"branch","line":1,"loc":{"start":{"line":1,"column":0},"end":{"line":1,"column":38}},"locations":[{"start":{"line":1,"column":0},"end":{"line":1,"column":38}}]},"3":{"type":"branch","line":1,"loc":{"start":{"line":1,"column":0},"end":{"line":1,"column":38}},"locations":[{"start":{"line":1,"column":0},"end":{"line":1,"column":38}}]},"4":{"type":"branch","line":1,"loc":{"start":{"line":1,"column":0},"end":{"line":1,"column":38}},"locations":[{"start":{"line":1,"column":0},"end":{"line":1,"column":38}}]},"5":{"type":"branch","line":2,"loc":{"start":{"line":2,"column":0},"end":{"line":2,"column":41}},"locations":[{"start":{"line":2,"column":0},"end":{"line":2,"column":41}}]},"6":{"type":"branch","line":2,"loc":{"start":{"line":2,"column":0},"end":{"line":2,"column":41}},"locations":[{"start":{"line":2,"column":0},"end":{"line":2,"column":41}}]},"7":{"type":"branch","line":2,"loc":{"start":{"line":2,"column":0},"end":{"line":2,"column":41}},"locations":[{"start":{"line":2,"column":0},"end":{"line":2,"column":41}}]},"8":{"type":"branch","line":2,"loc":{"start":{"line":2,"column":0},"end":{"line":2,"column":41}},"locations":[{"start":{"line":2,"column":0},"end":{"line":2,"column":41}}]},"9":{"type":"branch","line":2,"loc":{"start":{"line":2,"column":0},"end":{"line":2,"column":41}},"locations":[{"start":{"line":2,"column":0},"end":{"line":2,"column":41}}]},"10":{"type":"branch","line":3,"loc":{"start":{"line":3,"column":0},"end":{"line":3,"column":38}},"locations":[{"start":{"line":3,"column":0},"end":{"line":3,"column":38}}]},"11":{"type":"branch","line":3,"loc":{"start":{"line":3,"column":0},"end":{"line":3,"column":38}},"locations":[{"start":{"line":3,"column":0},"end":{"line":3,"column":38}}]},"12":{"type":"branch","line":3,"loc":{"start":{"line":3,"column":0},"end":{"line":3,"column":38}},"locations":[{"start":{"line":3,"column":0},"end":{"line":3,"column":38}}]},"13":{"type":"branch","line":3,"loc":{"start":{"line":3,"column":0},"end":{"line":3,"column":38}},"locations":[{"start":{"line":3,"column":0},"end":{"line":3,"column":38}}]},"14":{"type":"branch","line":3,"loc":{"start":{"line":3,"column":0},"end":{"line":3,"column":38}},"locations":[{"start":{"line":3,"column":0},"end":{"line":3,"column":38}}]},"15":{"type":"branch","line":4,"loc":{"start":{"line":4,"column":0},"end":{"line":4,"column":38}},"locations":[{"start":{"line":4,"column":0},"end":{"line":4,"column":38}}]},"16":{"type":"branch","line":4,"loc":{"start":{"line":4,"column":0},"end":{"line":4,"column":38}},"locations":[{"start":{"line":4,"column":0},"end":{"line":4,"column":38}}]},"17":{"type":"branch","line":4,"loc":{"start":{"line":4,"column":0},"end":{"line":4,"column":38}},"locations":[{"start":{"line":4,"column":0},"end":{"line":4,"column":38}}]},"18":{"type":"branch","line":4,"loc":{"start":{"line":4,"column":0},"end":{"line":4,"column":38}},"locations":[{"start":{"line":4,"column":0},"end":{"line":4,"column":38}}]},"19":{"type":"branch","line":4,"loc":{"start":{"line":4,"column":0},"end":{"line":4,"column":38}},"locations":[{"start":{"line":4,"column":0},"end":{"line":4,"column":38}}]},"20":{"type":"branch","line":5,"loc":{"start":{"line":5,"column":0},"end":{"line":5,"column":43}},"locations":[{"start":{"line":5,"column":0},"end":{"line":5,"column":43}}]},"21":{"type":"branch","line":5,"loc":{"start":{"line":5,"column":0},"end":{"line":5,"column":43}},"locations":[{"start":{"line":5,"column":0},"end":{"line":5,"column":43}}]},"22":{"type":"branch","line":5,"loc":{"start":{"line":5,"column":0},"end":{"line":5,"column":43}},"locations":[{"start":{"line":5,"column":0},"end":{"line":5,"column":43}}]},"23":{"type":"branch","line":5,"loc":{"start":{"line":5,"column":0},"end":{"line":5,"column":43}},"locations":[{"start":{"line":5,"column":0},"end":{"line":5,"column":43}}]},"24":{"type":"branch","line":5,"loc":{"start":{"line":5,"column":0},"end":{"line":5,"column":43}},"locations":[{"start":{"line":5,"column":0},"end":{"line":5,"column":43}}]},"25":{"type":"branch","line":7,"loc":{"start":{"line":7,"column":0},"end":{"line":7,"column":52}},"locations":[{"start":{"line":7,"column":0},"end":{"line":7,"column":52}}]},"26":{"type":"branch","line":7,"loc":{"start":{"line":7,"column":0},"end":{"line":7,"column":52}},"locations":[{"start":{"line":7,"column":0},"end":{"line":7,"column":52}}]},"27":{"type":"branch","line":7,"loc":{"start":{"line":7,"column":0},"end":{"line":7,"column":52}},"locations":[{"start":{"line":7,"column":0},"end":{"line":7,"column":52}}]},"28":{"type":"branch","line":7,"loc":{"start":{"line":7,"column":0},"end":{"line":7,"column":52}},"locations":[{"start":{"line":7,"column":0},"end":{"line":7,"column":52}}]},"29":{"type":"branch","line":7,"loc":{"start":{"line":7,"column":0},"end":{"line":7,"column":52}},"locations":[{"start":{"line":7,"column":0},"end":{"line":7,"column":52}}]},"30":{"type":"branch","line":8,"loc":{"start":{"line":8,"column":0},"end":{"line":8,"column":60}},"locations":[{"start":{"line":8,"column":0},"end":{"line":8,"column":60}}]},"31":{"type":"branch","line":8,"loc":{"start":{"line":8,"column":0},"end":{"line":8,"column":60}},"locations":[{"start":{"line":8,"column":0},"end":{"line":8,"column":60}}]},"32":{"type":"branch","line":8,"loc":{"start":{"line":8,"column":0},"end":{"line":8,"column":60}},"locations":[{"start":{"line":8,"column":0},"end":{"line":8,"column":60}}]},"33":{"type":"branch","line":8,"loc":{"start":{"line":8,"column":0},"end":{"line":8,"column":60}},"locations":[{"start":{"line":8,"column":0},"end":{"line":8,"column":60}}]},"34":{"type":"branch","line":8,"loc":{"start":{"line":8,"column":0},"end":{"line":8,"column":60}},"locations":[{"start":{"line":8,"column":0},"end":{"line":8,"column":60}}]},"35":{"type":"branch","line":9,"loc":{"start":{"line":9,"column":0},"end":{"line":9,"column":52}},"locations":[{"start":{"line":9,"column":0},"end":{"line":9,"column":52}}]},"36":{"type":"branch","line":9,"loc":{"start":{"line":9,"column":0},"end":{"line":9,"column":52}},"locations":[{"start":{"line":9,"column":0},"end":{"line":9,"column":52}}]},"37":{"type":"branch","line":9,"loc":{"start":{"line":9,"column":0},"end":{"line":9,"column":52}},"locations":[{"start":{"line":9,"column":0},"end":{"line":9,"column":52}}]},"38":{"type":"branch","line":9,"loc":{"start":{"line":9,"column":0},"end":{"line":9,"column":52}},"locations":[{"start":{"line":9,"column":0},"end":{"line":9,"column":52}}]},"39":{"type":"branch","line":9,"loc":{"start":{"line":9,"column":0},"end":{"line":9,"column":52}},"locations":[{"start":{"line":9,"column":0},"end":{"line":9,"column":52}}]},"40":{"type":"branch","line":10,"loc":{"start":{"line":10,"column":0},"end":{"line":10,"column":52}},"locations":[{"start":{"line":10,"column":0},"end":{"line":10,"column":52}}]},"41":{"type":"branch","line":10,"loc":{"start":{"line":10,"column":0},"end":{"line":10,"column":52}},"locations":[{"start":{"line":10,"column":0},"end":{"line":10,"column":52}}]},"42":{"type":"branch","line":10,"loc":{"start":{"line":10,"column":0},"end":{"line":10,"column":52}},"locations":[{"start":{"line":10,"column":0},"end":{"line":10,"column":52}}]},"43":{"type":"branch","line":10,"loc":{"start":{"line":10,"column":0},"end":{"line":10,"column":52}},"locations":[{"start":{"line":10,"column":0},"end":{"line":10,"column":52}}]},"44":{"type":"branch","line":10,"loc":{"start":{"line":10,"column":0},"end":{"line":10,"column":52}},"locations":[{"start":{"line":10,"column":0},"end":{"line":10,"column":52}}]}},"b":{"0":[2],"1":[0],"2":[0],"3":[0],"4":[2],"5":[2],"6":[0],"7":[0],"8":[0],"9":[2],"10":[2],"11":[0],"12":[0],"13":[0],"14":[2],"15":[2],"16":[0],"17":[0],"18":[0],"19":[2],"20":[2],"21":[0],"22":[0],"23":[0],"24":[2],"25":[2],"26":[0],"27":[0],"28":[0],"29":[2],"30":[2],"31":[0],"32":[0],"33":[0],"34":[2],"35":[2],"36":[0],"37":[0],"38":[0],"39":[2],"40":[2],"41":[0],"42":[0],"43":[0],"44":[2]},"fnMap":{"0":{"name":"get","decl":{"start":{"line":1,"column":0},"end":{"line":1,"column":38}},"loc":{"start":{"line":1,"column":0},"end":{"line":1,"column":38}},"line":1},"1":{"name":"get","decl":{"start":{"line":2,"column":0},"end":{"line":2,"column":41}},"loc":{"start":{"line":2,"column":0},"end":{"line":2,"column":41}},"line":2},"2":{"name":"get","decl":{"start":{"line":3,"column":0},"end":{"line":3,"column":38}},"loc":{"start":{"line":3,"column":0},"end":{"line":3,"column":38}},"line":3},"3":{"name":"get","decl":{"start":{"line":4,"column":0},"end":{"line":4,"column":38}},"loc":{"start":{"line":4,"column":0},"end":{"line":4,"column":38}},"line":4},"4":{"name":"get","decl":{"start":{"line":5,"column":0},"end":{"line":5,"column":43}},"loc":{"start":{"line":5,"column":0},"end":{"line":5,"column":43}},"line":5},"5":{"name":"get","decl":{"start":{"line":7,"column":0},"end":{"line":7,"column":52}},"loc":{"start":{"line":7,"column":0},"end":{"line":7,"column":52}},"line":7},"6":{"name":"get","decl":{"start":{"line":8,"column":0},"end":{"line":8,"column":60}},"loc":{"start":{"line":8,"column":0},"end":{"line":8,"column":60}},"line":8},"7":{"name":"get","decl":{"start":{"line":9,"column":0},"end":{"line":9,"column":52}},"loc":{"start":{"line":9,"column":0},"end":{"line":9,"column":52}},"line":9},"8":{"name":"get","decl":{"start":{"line":10,"column":0},"end":{"line":10,"column":52}},"loc":{"start":{"line":10,"column":0},"end":{"line":10,"column":52}},"line":10}},"f":{"0":2,"1":2,"2":2,"3":2,"4":2,"5":2,"6":2,"7":2,"8":2}}
,"C:\\Projects\\curso-full-stack-club\\finance-app-api\\src\\controllers\\helpers\\http.js": {"path":"C:\\Projects\\curso-full-stack-club\\finance-app-api\\src\\controllers\\helpers\\http.js","all":false,"statementMap":{"0":{"start":{"line":1,"column":0},"end":{"line":1,"column":38}},"1":{"start":{"line":2,"column":0},"end":{"line":2,"column":18}},"2":{"start":{"line":3,"column":0},"end":{"line":3,"column":7}},"3":{"start":{"line":4,"column":0},"end":{"line":4,"column":3}},"4":{"start":{"line":5,"column":0},"end":{"line":5,"column":0}},"5":{"start":{"line":6,"column":0},"end":{"line":6,"column":35}},"6":{"start":{"line":7,"column":0},"end":{"line":7,"column":18}},"7":{"start":{"line":8,"column":0},"end":{"line":8,"column":7}},"8":{"start":{"line":9,"column":0},"end":{"line":9,"column":3}},"9":{"start":{"line":10,"column":0},"end":{"line":10,"column":0}},"10":{"start":{"line":11,"column":0},"end":{"line":11,"column":35}},"11":{"start":{"line":12,"column":0},"end":{"line":12,"column":18}},"12":{"start":{"line":13,"column":0},"end":{"line":13,"column":9}},"13":{"start":{"line":14,"column":0},"end":{"line":14,"column":37}},"14":{"start":{"line":15,"column":0},"end":{"line":15,"column":4}},"15":{"start":{"line":16,"column":0},"end":{"line":16,"column":3}},"16":{"start":{"line":17,"column":0},"end":{"line":17,"column":0}},"17":{"start":{"line":18,"column":0},"end":{"line":18,"column":30}},"18":{"start":{"line":19,"column":0},"end":{"line":19,"column":18}},"19":{"start":{"line":20,"column":0},"end":{"line":20,"column":7}},"20":{"start":{"line":21,"column":0},"end":{"line":21,"column":3}},"21":{"start":{"line":22,"column":0},"end":{"line":22,"column":0}},"22":{"start":{"line":23,"column":0},"end":{"line":23,"column":36}},"23":{"start":{"line":24,"column":0},"end":{"line":24,"column":18}},"24":{"start":{"line":25,"column":0},"end":{"line":25,"column":7}},"25":{"start":{"line":26,"column":0},"end":{"line":26,"column":3}}},"s":{"0":1,"1":17,"2":17,"3":1,"4":1,"5":1,"6":6,"7":6,"8":1,"9":1,"10":1,"11":6,"12":6,"13":6,"14":6,"15":1,"16":1,"17":1,"18":10,"19":10,"20":1,"21":1,"22":1,"23":5,"24":5,"25":1},"branchMap":{"0":{"type":"branch","line":1,"loc":{"start":{"line":1,"column":27},"end":{"line":4,"column":2}},"locations":[{"start":{"line":1,"column":27},"end":{"line":4,"column":2}}]},"1":{"type":"branch","line":6,"loc":{"start":{"line":6,"column":24},"end":{"line":9,"column":2}},"locations":[{"start":{"line":6,"column":24},"end":{"line":9,"column":2}}]},"2":{"type":"branch","line":11,"loc":{"start":{"line":11,"column":27},"end":{"line":16,"column":2}},"locations":[{"start":{"line":11,"column":27},"end":{"line":16,"column":2}}]},"3":{"type":"branch","line":18,"loc":{"start":{"line":18,"column":19},"end":{"line":21,"column":2}},"locations":[{"start":{"line":18,"column":19},"end":{"line":21,"column":2}}]},"4":{"type":"branch","line":23,"loc":{"start":{"line":23,"column":25},"end":{"line":26,"column":2}},"locations":[{"start":{"line":23,"column":25},"end":{"line":26,"column":2}}]}},"b":{"0":[17],"1":[6],"2":[6],"3":[10],"4":[5]},"fnMap":{"0":{"name":"badRequest","decl":{"start":{"line":1,"column":27},"end":{"line":4,"column":2}},"loc":{"start":{"line":1,"column":27},"end":{"line":4,"column":2}},"line":1},"1":{"name":"created","decl":{"start":{"line":6,"column":24},"end":{"line":9,"column":2}},"loc":{"start":{"line":6,"column":24},"end":{"line":9,"column":2}},"line":6},"2":{"name":"serverError","decl":{"start":{"line":11,"column":27},"end":{"line":16,"column":2}},"loc":{"start":{"line":11,"column":27},"end":{"line":16,"column":2}},"line":11},"3":{"name":"ok","decl":{"start":{"line":18,"column":19},"end":{"line":21,"column":2}},"loc":{"start":{"line":18,"column":19},"end":{"line":21,"column":2}},"line":18},"4":{"name":"notFound","decl":{"start":{"line":23,"column":25},"end":{"line":26,"column":2}},"loc":{"start":{"line":23,"column":25},"end":{"line":26,"column":2}},"line":23}},"f":{"0":17,"1":6,"2":6,"3":10,"4":5}}
,"C:\\Projects\\curso-full-stack-club\\finance-app-api\\src\\controllers\\helpers\\index.js": {"path":"C:\\Projects\\curso-full-stack-club\\finance-app-api\\src\\controllers\\helpers\\index.js","all":false,"statementMap":{"0":{"start":{"line":1,"column":0},"end":{"line":1,"column":26}},"1":{"start":{"line":2,"column":0},"end":{"line":2,"column":26}},"2":{"start":{"line":3,"column":0},"end":{"line":3,"column":32}},"3":{"start":{"line":4,"column":0},"end":{"line":4,"column":33}}},"s":{"0":31,"1":3,"2":34,"3":2},"branchMap":{"0":{"type":"branch","line":1,"loc":{"start":{"line":1,"column":0},"end":{"line":1,"column":26}},"locations":[{"start":{"line":1,"column":0},"end":{"line":1,"column":26}}]},"1":{"type":"branch","line":1,"loc":{"start":{"line":1,"column":0},"end":{"line":1,"column":26}},"locations":[{"start":{"line":1,"column":0},"end":{"line":1,"column":26}}]},"2":{"type":"branch","line":1,"loc":{"start":{"line":1,"column":0},"end":{"line":1,"column":26}},"locations":[{"start":{"line":1,"column":0},"end":{"line":1,"column":26}}]},"3":{"type":"branch","line":1,"loc":{"start":{"line":1,"column":0},"end":{"line":1,"column":26}},"locations":[{"start":{"line":1,"column":0},"end":{"line":1,"column":26}}]},"4":{"type":"branch","line":1,"loc":{"start":{"line":1,"column":0},"end":{"line":1,"column":26}},"locations":[{"start":{"line":1,"column":0},"end":{"line":1,"column":26}}]},"5":{"type":"branch","line":2,"loc":{"start":{"line":2,"column":0},"end":{"line":2,"column":26}},"locations":[{"start":{"line":2,"column":0},"end":{"line":2,"column":26}}]},"6":{"type":"branch","line":2,"loc":{"start":{"line":2,"column":0},"end":{"line":2,"column":26}},"locations":[{"start":{"line":2,"column":0},"end":{"line":2,"column":26}}]},"7":{"type":"branch","line":2,"loc":{"start":{"line":2,"column":0},"end":{"line":2,"column":26}},"locations":[{"start":{"line":2,"column":0},"end":{"line":2,"column":26}}]},"8":{"type":"branch","line":2,"loc":{"start":{"line":2,"column":0},"end":{"line":2,"column":26}},"locations":[{"start":{"line":2,"column":0},"end":{"line":2,"column":26}}]},"9":{"type":"branch","line":2,"loc":{"start":{"line":2,"column":0},"end":{"line":2,"column":26}},"locations":[{"start":{"line":2,"column":0},"end":{"line":2,"column":26}}]},"10":{"type":"branch","line":3,"loc":{"start":{"line":3,"column":0},"end":{"line":3,"column":32}},"locations":[{"start":{"line":3,"column":0},"end":{"line":3,"column":32}}]},"11":{"type":"branch","line":3,"loc":{"start":{"line":3,"column":0},"end":{"line":3,"column":32}},"locations":[{"start":{"line":3,"column":0},"end":{"line":3,"column":32}}]},"12":{"type":"branch","line":3,"loc":{"start":{"line":3,"column":0},"end":{"line":3,"column":32}},"locations":[{"start":{"line":3,"column":0},"end":{"line":3,"column":32}}]},"13":{"type":"branch","line":3,"loc":{"start":{"line":3,"column":0},"end":{"line":3,"column":32}},"locations":[{"start":{"line":3,"column":0},"end":{"line":3,"column":32}}]},"14":{"type":"branch","line":3,"loc":{"start":{"line":3,"column":0},"end":{"line":3,"column":32}},"locations":[{"start":{"line":3,"column":0},"end":{"line":3,"column":32}}]},"15":{"type":"branch","line":4,"loc":{"start":{"line":4,"column":0},"end":{"line":4,"column":33}},"locations":[{"start":{"line":4,"column":0},"end":{"line":4,"column":33}}]},"16":{"type":"branch","line":4,"loc":{"start":{"line":4,"column":0},"end":{"line":4,"column":33}},"locations":[{"start":{"line":4,"column":0},"end":{"line":4,"column":33}}]},"17":{"type":"branch","line":4,"loc":{"start":{"line":4,"column":0},"end":{"line":4,"column":33}},"locations":[{"start":{"line":4,"column":0},"end":{"line":4,"column":33}}]},"18":{"type":"branch","line":4,"loc":{"start":{"line":4,"column":0},"end":{"line":4,"column":33}},"locations":[{"start":{"line":4,"column":0},"end":{"line":4,"column":33}}]},"19":{"type":"branch","line":4,"loc":{"start":{"line":4,"column":0},"end":{"line":4,"column":33}},"locations":[{"start":{"line":4,"column":0},"end":{"line":4,"column":33}}]}},"b":{"0":[35],"1":[0],"2":[0],"3":[0],"4":[31],"5":[7],"6":[0],"7":[0],"8":[0],"9":[3],"10":[21],"11":[0],"12":[0],"13":[0],"14":[34],"15":[7],"16":[0],"17":[0],"18":[0],"19":[2]},"fnMap":{"0":{"name":"get","decl":{"start":{"line":1,"column":0},"end":{"line":1,"column":26}},"loc":{"start":{"line":1,"column":0},"end":{"line":1,"column":26}},"line":1},"1":{"name":"get","decl":{"start":{"line":2,"column":0},"end":{"line":2,"column":26}},"loc":{"start":{"line":2,"column":0},"end":{"line":2,"column":26}},"line":2},"2":{"name":"get","decl":{"start":{"line":3,"column":0},"end":{"line":3,"column":32}},"loc":{"start":{"line":3,"column":0},"end":{"line":3,"column":32}},"line":3},"3":{"name":"get","decl":{"start":{"line":4,"column":0},"end":{"line":4,"column":33}},"loc":{"start":{"line":4,"column":0},"end":{"line":4,"column":33}},"line":4}},"f":{"0":31,"1":3,"2":34,"3":2}}
,"C:\\Projects\\curso-full-stack-club\\finance-app-api\\src\\controllers\\helpers\\transaction.js": {"path":"C:\\Projects\\curso-full-stack-club\\finance-app-api\\src\\controllers\\helpers\\transaction.js","all":false,"statementMap":{"0":{"start":{"line":1,"column":0},"end":{"line":1,"column":37}},"1":{"start":{"line":2,"column":0},"end":{"line":2,"column":0}},"2":{"start":{"line":3,"column":0},"end":{"line":3,"column":48}},"3":{"start":{"line":4,"column":0},"end":{"line":4,"column":50}}},"s":{"0":1,"1":1,"2":1,"3":1},"branchMap":{"0":{"type":"branch","line":3,"loc":{"start":{"line":3,"column":43},"end":{"line":4,"column":49}},"locations":[{"start":{"line":3,"column":43},"end":{"line":4,"column":49}}]}},"b":{"0":[2]},"fnMap":{"0":{"name":"transactionNotFoundResponse","decl":{"start":{"line":3,"column":43},"end":{"line":4,"column":49}},"loc":{"start":{"line":3,"column":43},"end":{"line":4,"column":49}},"line":3}},"f":{"0":2}}
,"C:\\Projects\\curso-full-stack-club\\finance-app-api\\src\\controllers\\helpers\\user.js": {"path":"C:\\Projects\\curso-full-stack-club\\finance-app-api\\src\\controllers\\helpers\\user.js","all":false,"statementMap":{"0":{"start":{"line":1,"column":0},"end":{"line":1,"column":37}},"1":{"start":{"line":2,"column":0},"end":{"line":2,"column":41}},"2":{"start":{"line":3,"column":0},"end":{"line":3,"column":43}}},"s":{"0":1,"1":1,"2":1},"branchMap":{"0":{"type":"branch","line":2,"loc":{"start":{"line":2,"column":36},"end":{"line":3,"column":42}},"locations":[{"start":{"line":2,"column":36},"end":{"line":3,"column":42}}]}},"b":{"0":[3]},"fnMap":{"0":{"name":"userNotFoundResponse","decl":{"start":{"line":2,"column":36},"end":{"line":3,"column":42}},"loc":{"start":{"line":2,"column":36},"end":{"line":3,"column":42}},"line":2}},"f":{"0":3}}
,"C:\\Projects\\curso-full-stack-club\\finance-app-api\\src\\controllers\\helpers\\validation.js": {"path":"C:\\Projects\\curso-full-stack-club\\finance-app-api\\src\\controllers\\helpers\\validation.js","all":false,"statementMap":{"0":{"start":{"line":1,"column":0},"end":{"line":1,"column":34}},"1":{"start":{"line":2,"column":0},"end":{"line":2,"column":39}},"2":{"start":{"line":3,"column":0},"end":{"line":3,"column":0}},"3":{"start":{"line":4,"column":0},"end":{"line":4,"column":61}},"4":{"start":{"line":5,"column":0},"end":{"line":5,"column":0}},"5":{"start":{"line":6,"column":0},"end":{"line":6,"column":38}},"6":{"start":{"line":7,"column":0},"end":{"line":7,"column":14}},"7":{"start":{"line":8,"column":0},"end":{"line":8,"column":45}},"8":{"start":{"line":9,"column":0},"end":{"line":9,"column":5}},"9":{"start":{"line":10,"column":0},"end":{"line":10,"column":0}},"10":{"start":{"line":11,"column":0},"end":{"line":11,"column":56}},"11":{"start":{"line":12,"column":0},"end":{"line":12,"column":14}},"12":{"start":{"line":13,"column":0},"end":{"line":13,"column":47}},"13":{"start":{"line":14,"column":0},"end":{"line":14,"column":5}}},"s":{"0":1,"1":1,"2":1,"3":1,"4":1,"5":1,"6":5,"7":5,"8":1,"9":1,"10":1,"11":1,"12":1,"13":1},"branchMap":{"0":{"type":"branch","line":4,"loc":{"start":{"line":4,"column":33},"end":{"line":4,"column":60}},"locations":[{"start":{"line":4,"column":33},"end":{"line":4,"column":60}}]},"1":{"type":"branch","line":6,"loc":{"start":{"line":6,"column":33},"end":{"line":9,"column":4}},"locations":[{"start":{"line":6,"column":33},"end":{"line":9,"column":4}}]},"2":{"type":"branch","line":11,"loc":{"start":{"line":11,"column":47},"end":{"line":14,"column":4}},"locations":[{"start":{"line":11,"column":47},"end":{"line":14,"column":4}}]}},"b":{"0":[28],"1":[5],"2":[1]},"fnMap":{"0":{"name":"checkIfIdIsValid","decl":{"start":{"line":4,"column":33},"end":{"line":4,"column":60}},"loc":{"start":{"line":4,"column":33},"end":{"line":4,"column":60}},"line":4},"1":{"name":"invalidIdResponse","decl":{"start":{"line":6,"column":33},"end":{"line":9,"column":4}},"loc":{"start":{"line":6,"column":33},"end":{"line":9,"column":4}},"line":6},"2":{"name":"requiredFieldIsMissingResponse","decl":{"start":{"line":11,"column":47},"end":{"line":14,"column":4}},"loc":{"start":{"line":11,"column":47},"end":{"line":14,"column":4}},"line":11}},"f":{"0":28,"1":5,"2":1}}
,"C:\\Projects\\curso-full-stack-club\\finance-app-api\\src\\controllers\\transaction\\create-transaction.js": {"path":"C:\\Projects\\curso-full-stack-club\\finance-app-api\\src\\controllers\\transaction\\create-transaction.js","all":false,"statementMap":{"0":{"start":{"line":1,"column":0},"end":{"line":1,"column":57}},"1":{"start":{"line":2,"column":0},"end":{"line":2,"column":71}},"2":{"start":{"line":3,"column":0},"end":{"line":3,"column":8}},"3":{"start":{"line":4,"column":0},"end":{"line":4,"column":13}},"4":{"start":{"line":5,"column":0},"end":{"line":5,"column":10}},"5":{"start":{"line":6,"column":0},"end":{"line":6,"column":14}},"6":{"start":{"line":7,"column":0},"end":{"line":7,"column":23}},"7":{"start":{"line":8,"column":0},"end":{"line":8,"column":29}},"8":{"start":{"line":9,"column":0},"end":{"line":9,"column":31}},"9":{"start":{"line":10,"column":0},"end":{"line":10,"column":0}},"10":{"start":{"line":11,"column":0},"end":{"line":11,"column":42}},"11":{"start":{"line":12,"column":0},"end":{"line":12,"column":41}},"12":{"start":{"line":13,"column":0},"end":{"line":13,"column":61}},"13":{"start":{"line":14,"column":0},"end":{"line":14,"column":3}},"14":{"start":{"line":15,"column":0},"end":{"line":15,"column":0}},"15":{"start":{"line":16,"column":0},"end":{"line":16,"column":30}},"16":{"start":{"line":17,"column":0},"end":{"line":17,"column":9}},"17":{"start":{"line":18,"column":0},"end":{"line":18,"column":38}},"18":{"start":{"line":19,"column":0},"end":{"line":19,"column":0}},"19":{"start":{"line":20,"column":0},"end":{"line":20,"column":55}},"20":{"start":{"line":21,"column":0},"end":{"line":21,"column":0}},"21":{"start":{"line":22,"column":0},"end":{"line":22,"column":78}},"22":{"start":{"line":23,"column":0},"end":{"line":23,"column":0}},"23":{"start":{"line":24,"column":0},"end":{"line":24,"column":34}},"24":{"start":{"line":25,"column":0},"end":{"line":25,"column":21}},"25":{"start":{"line":26,"column":0},"end":{"line":26,"column":38}},"26":{"start":{"line":27,"column":0},"end":{"line":27,"column":27}},"27":{"start":{"line":28,"column":0},"end":{"line":28,"column":43}},"28":{"start":{"line":29,"column":0},"end":{"line":29,"column":11}},"29":{"start":{"line":30,"column":0},"end":{"line":30,"column":7}},"30":{"start":{"line":31,"column":0},"end":{"line":31,"column":0}},"31":{"start":{"line":32,"column":0},"end":{"line":32,"column":47}},"32":{"start":{"line":33,"column":0},"end":{"line":33,"column":38}},"33":{"start":{"line":34,"column":0},"end":{"line":34,"column":7}},"34":{"start":{"line":35,"column":0},"end":{"line":35,"column":0}},"35":{"start":{"line":36,"column":0},"end":{"line":36,"column":27}},"36":{"start":{"line":37,"column":0},"end":{"line":37,"column":27}},"37":{"start":{"line":38,"column":0},"end":{"line":38,"column":5}},"38":{"start":{"line":39,"column":0},"end":{"line":39,"column":3}},"39":{"start":{"line":40,"column":0},"end":{"line":40,"column":1}}},"s":{"0":1,"1":1,"2":1,"3":1,"4":1,"5":1,"6":1,"7":1,"8":1,"9":1,"10":1,"11":1,"12":14,"13":14,"14":1,"15":1,"16":13,"17":13,"18":13,"19":13,"20":5,"21":5,"22":4,"23":4,"24":13,"25":9,"26":8,"27":8,"28":8,"29":8,"30":1,"31":9,"32":0,"33":0,"34":1,"35":1,"36":1,"37":1,"38":13,"39":1},"branchMap":{"0":{"type":"branch","line":12,"loc":{"start":{"line":12,"column":2},"end":{"line":14,"column":3}},"locations":[{"start":{"line":12,"column":2},"end":{"line":14,"column":3}}]},"1":{"type":"branch","line":16,"loc":{"start":{"line":16,"column":2},"end":{"line":39,"column":3}},"locations":[{"start":{"line":16,"column":2},"end":{"line":39,"column":3}}]},"2":{"type":"branch","line":20,"loc":{"start":{"line":20,"column":54},"end":{"line":22,"column":78}},"locations":[{"start":{"line":20,"column":54},"end":{"line":22,"column":78}}]},"3":{"type":"branch","line":22,"loc":{"start":{"line":22,"column":77},"end":{"line":25,"column":6}},"locations":[{"start":{"line":22,"column":77},"end":{"line":25,"column":6}}]},"4":{"type":"branch","line":25,"loc":{"start":{"line":25,"column":6},"end":{"line":38,"column":5}},"locations":[{"start":{"line":25,"column":6},"end":{"line":38,"column":5}}]},"5":{"type":"branch","line":26,"loc":{"start":{"line":26,"column":37},"end":{"line":30,"column":7}},"locations":[{"start":{"line":26,"column":37},"end":{"line":30,"column":7}}]},"6":{"type":"branch","line":30,"loc":{"start":{"line":30,"column":6},"end":{"line":32,"column":46}},"locations":[{"start":{"line":30,"column":6},"end":{"line":32,"column":46}}]},"7":{"type":"branch","line":32,"loc":{"start":{"line":32,"column":46},"end":{"line":34,"column":7}},"locations":[{"start":{"line":32,"column":46},"end":{"line":34,"column":7}}]},"8":{"type":"branch","line":34,"loc":{"start":{"line":34,"column":6},"end":{"line":38,"column":5}},"locations":[{"start":{"line":34,"column":6},"end":{"line":38,"column":5}}]}},"b":{"0":[14],"1":[13],"2":[5],"3":[4],"4":[9],"5":[8],"6":[1],"7":[0],"8":[1]},"fnMap":{"0":{"name":"CreateTransactionController","decl":{"start":{"line":12,"column":2},"end":{"line":14,"column":3}},"loc":{"start":{"line":12,"column":2},"end":{"line":14,"column":3}},"line":12},"1":{"name":"execute","decl":{"start":{"line":16,"column":2},"end":{"line":39,"column":3}},"loc":{"start":{"line":16,"column":2},"end":{"line":39,"column":3}},"line":16}},"f":{"0":14,"1":13}}
,"C:\\Projects\\curso-full-stack-club\\finance-app-api\\src\\controllers\\transaction\\delete-transaction.js": {"path":"C:\\Projects\\curso-full-stack-club\\finance-app-api\\src\\controllers\\transaction\\delete-transaction.js","all":false,"statementMap":{"0":{"start":{"line":1,"column":0},"end":{"line":1,"column":71}},"1":{"start":{"line":2,"column":0},"end":{"line":2,"column":8}},"2":{"start":{"line":3,"column":0},"end":{"line":3,"column":19}},"3":{"start":{"line":4,"column":0},"end":{"line":4,"column":20}},"4":{"start":{"line":5,"column":0},"end":{"line":5,"column":5}},"5":{"start":{"line":6,"column":0},"end":{"line":6,"column":14}},"6":{"start":{"line":7,"column":0},"end":{"line":7,"column":30}},"7":{"start":{"line":8,"column":0},"end":{"line":8,"column":29}},"8":{"start":{"line":9,"column":0},"end":{"line":9,"column":0}},"9":{"start":{"line":10,"column":0},"end":{"line":10,"column":42}},"10":{"start":{"line":11,"column":0},"end":{"line":11,"column":41}},"11":{"start":{"line":12,"column":0},"end":{"line":12,"column":61}},"12":{"start":{"line":13,"column":0},"end":{"line":13,"column":3}},"13":{"start":{"line":14,"column":0},"end":{"line":14,"column":0}},"14":{"start":{"line":15,"column":0},"end":{"line":15,"column":30}},"15":{"start":{"line":16,"column":0},"end":{"line":16,"column":9}},"16":{"start":{"line":17,"column":0},"end":{"line":17,"column":75}},"17":{"start":{"line":18,"column":0},"end":{"line":18,"column":0}},"18":{"start":{"line":19,"column":0},"end":{"line":19,"column":23}},"19":{"start":{"line":20,"column":0},"end":{"line":20,"column":35}},"20":{"start":{"line":21,"column":0},"end":{"line":21,"column":7}},"21":{"start":{"line":22,"column":0},"end":{"line":22,"column":0}},"22":{"start":{"line":23,"column":0},"end":{"line":23,"column":77}},"23":{"start":{"line":24,"column":0},"end":{"line":24,"column":41}},"24":{"start":{"line":25,"column":0},"end":{"line":25,"column":8}},"25":{"start":{"line":26,"column":0},"end":{"line":26,"column":0}},"26":{"start":{"line":27,"column":0},"end":{"line":27,"column":36}},"27":{"start":{"line":28,"column":0},"end":{"line":28,"column":21}},"28":{"start":{"line":29,"column":0},"end":{"line":29,"column":54}},"29":{"start":{"line":30,"column":0},"end":{"line":30,"column":45}},"30":{"start":{"line":31,"column":0},"end":{"line":31,"column":7}},"31":{"start":{"line":32,"column":0},"end":{"line":32,"column":0}},"32":{"start":{"line":33,"column":0},"end":{"line":33,"column":27}},"33":{"start":{"line":34,"column":0},"end":{"line":34,"column":0}},"34":{"start":{"line":35,"column":0},"end":{"line":35,"column":27}},"35":{"start":{"line":36,"column":0},"end":{"line":36,"column":5}},"36":{"start":{"line":37,"column":0},"end":{"line":37,"column":3}},"37":{"start":{"line":38,"column":0},"end":{"line":38,"column":1}}},"s":{"0":1,"1":1,"2":1,"3":1,"4":1,"5":1,"6":1,"7":1,"8":1,"9":1,"10":1,"11":1,"12":1,"13":1,"14":1,"15":5,"16":5,"17":5,"18":5,"19":1,"20":1,"21":4,"22":4,"23":4,"24":4,"25":2,"26":2,"27":2,"28":2,"29":1,"30":1,"31":1,"32":1,"33":1,"34":1,"35":1,"36":5,"37":1},"branchMap":{"0":{"type":"branch","line":11,"loc":{"start":{"line":11,"column":2},"end":{"line":13,"column":3}},"locations":[{"start":{"line":11,"column":2},"end":{"line":13,"column":3}}]},"1":{"type":"branch","line":15,"loc":{"start":{"line":15,"column":2},"end":{"line":37,"column":3}},"locations":[{"start":{"line":15,"column":2},"end":{"line":37,"column":3}}]},"2":{"type":"branch","line":19,"loc":{"start":{"line":19,"column":22},"end":{"line":21,"column":7}},"locations":[{"start":{"line":19,"column":22},"end":{"line":21,"column":7}}]},"3":{"type":"branch","line":21,"loc":{"start":{"line":21,"column":6},"end":{"line":25,"column":8}},"locations":[{"start":{"line":21,"column":6},"end":{"line":25,"column":8}}]},"4":{"type":"branch","line":25,"loc":{"start":{"line":25,"column":7},"end":{"line":36,"column":5}},"locations":[{"start":{"line":25,"column":7},"end":{"line":36,"column":5}}]},"5":{"type":"branch","line":29,"loc":{"start":{"line":29,"column":53},"end":{"line":36,"column":5}},"locations":[{"start":{"line":29,"column":53},"end":{"line":36,"column":5}}]}},"b":{"0":[1],"1":[5],"2":[1],"3":[4],"4":[2],"5":[1]},"fnMap":{"0":{"name":"DeleteTransactionController","decl":{"start":{"line":11,"column":2},"end":{"line":13,"column":3}},"loc":{"start":{"line":11,"column":2},"end":{"line":13,"column":3}},"line":11},"1":{"name":"execute","decl":{"start":{"line":15,"column":2},"end":{"line":37,"column":3}},"loc":{"start":{"line":15,"column":2},"end":{"line":37,"column":3}},"line":15}},"f":{"0":1,"1":5}}
,"C:\\Projects\\curso-full-stack-club\\finance-app-api\\src\\controllers\\transaction\\get-transaction-by-user-id.js": {"path":"C:\\Projects\\curso-full-stack-club\\finance-app-api\\src\\controllers\\transaction\\get-transaction-by-user-id.js","all":false,"statementMap":{"0":{"start":{"line":1,"column":0},"end":{"line":1,"column":57}},"1":{"start":{"line":2,"column":0},"end":{"line":2,"column":8}},"2":{"start":{"line":3,"column":0},"end":{"line":3,"column":19}},"3":{"start":{"line":4,"column":0},"end":{"line":4,"column":20}},"4":{"start":{"line":5,"column":0},"end":{"line":5,"column":5}},"5":{"start":{"line":6,"column":0},"end":{"line":6,"column":33}},"6":{"start":{"line":7,"column":0},"end":{"line":7,"column":14}},"7":{"start":{"line":8,"column":0},"end":{"line":8,"column":23}},"8":{"start":{"line":9,"column":0},"end":{"line":9,"column":29}},"9":{"start":{"line":10,"column":0},"end":{"line":10,"column":0}},"10":{"start":{"line":11,"column":0},"end":{"line":11,"column":48}},"11":{"start":{"line":12,"column":0},"end":{"line":12,"column":47}},"12":{"start":{"line":13,"column":0},"end":{"line":13,"column":73}},"13":{"start":{"line":14,"column":0},"end":{"line":14,"column":3}},"14":{"start":{"line":15,"column":0},"end":{"line":15,"column":0}},"15":{"start":{"line":16,"column":0},"end":{"line":16,"column":30}},"16":{"start":{"line":17,"column":0},"end":{"line":17,"column":9}},"17":{"start":{"line":18,"column":0},"end":{"line":18,"column":46}},"18":{"start":{"line":19,"column":0},"end":{"line":19,"column":0}},"19":{"start":{"line":20,"column":0},"end":{"line":20,"column":20}},"20":{"start":{"line":21,"column":0},"end":{"line":21,"column":56}},"21":{"start":{"line":22,"column":0},"end":{"line":22,"column":7}},"22":{"start":{"line":23,"column":0},"end":{"line":23,"column":0}},"23":{"start":{"line":24,"column":0},"end":{"line":24,"column":53}},"24":{"start":{"line":25,"column":0},"end":{"line":25,"column":0}},"25":{"start":{"line":26,"column":0},"end":{"line":26,"column":27}},"26":{"start":{"line":27,"column":0},"end":{"line":27,"column":35}},"27":{"start":{"line":28,"column":0},"end":{"line":28,"column":7}},"28":{"start":{"line":29,"column":0},"end":{"line":29,"column":0}},"29":{"start":{"line":30,"column":0},"end":{"line":30,"column":26}},"30":{"start":{"line":31,"column":0},"end":{"line":31,"column":66}},"31":{"start":{"line":32,"column":0},"end":{"line":32,"column":0}},"32":{"start":{"line":33,"column":0},"end":{"line":33,"column":30}},"33":{"start":{"line":34,"column":0},"end":{"line":34,"column":21}},"34":{"start":{"line":35,"column":0},"end":{"line":35,"column":27}},"35":{"start":{"line":36,"column":0},"end":{"line":36,"column":0}},"36":{"start":{"line":37,"column":0},"end":{"line":37,"column":47}},"37":{"start":{"line":38,"column":0},"end":{"line":38,"column":38}},"38":{"start":{"line":39,"column":0},"end":{"line":39,"column":7}},"39":{"start":{"line":40,"column":0},"end":{"line":40,"column":0}},"40":{"start":{"line":41,"column":0},"end":{"line":41,"column":27}},"41":{"start":{"line":42,"column":0},"end":{"line":42,"column":5}},"42":{"start":{"line":43,"column":0},"end":{"line":43,"column":3}},"43":{"start":{"line":44,"column":0},"end":{"line":44,"column":1}}},"s":{"0":1,"1":1,"2":1,"3":1,"4":1,"5":1,"6":1,"7":1,"8":1,"9":1,"10":1,"11":1,"12":7,"13":7,"14":1,"15":1,"16":6,"17":6,"18":6,"19":6,"20":1,"21":1,"22":5,"23":5,"24":5,"25":6,"26":1,"27":1,"28":4,"29":4,"30":4,"31":2,"32":2,"33":2,"34":2,"35":2,"36":2,"37":1,"38":1,"39":1,"40":1,"41":1,"42":6,"43":1},"branchMap":{"0":{"type":"branch","line":12,"loc":{"start":{"line":12,"column":2},"end":{"line":14,"column":3}},"locations":[{"start":{"line":12,"column":2},"end":{"line":14,"column":3}}]},"1":{"type":"branch","line":16,"loc":{"start":{"line":16,"column":2},"end":{"line":43,"column":3}},"locations":[{"start":{"line":16,"column":2},"end":{"line":43,"column":3}}]},"2":{"type":"branch","line":20,"loc":{"start":{"line":20,"column":19},"end":{"line":22,"column":7}},"locations":[{"start":{"line":20,"column":19},"end":{"line":22,"column":7}}]},"3":{"type":"branch","line":22,"loc":{"start":{"line":22,"column":6},"end":{"line":26,"column":26}},"locations":[{"start":{"line":22,"column":6},"end":{"line":26,"column":26}}]},"4":{"type":"branch","line":26,"loc":{"start":{"line":26,"column":26},"end":{"line":28,"column":7}},"locations":[{"start":{"line":26,"column":26},"end":{"line":28,"column":7}}]},"5":{"type":"branch","line":28,"loc":{"start":{"line":28,"column":6},"end":{"line":31,"column":66}},"locations":[{"start":{"line":28,"column":6},"end":{"line":31,"column":66}}]},"6":{"type":"branch","line":31,"loc":{"start":{"line":31,"column":65},"end":{"line":42,"column":5}},"locations":[{"start":{"line":31,"column":65},"end":{"line":42,"column":5}}]},"7":{"type":"branch","line":37,"loc":{"start":{"line":37,"column":46},"end":{"line":42,"column":5}},"locations":[{"start":{"line":37,"column":46},"end":{"line":42,"column":5}}]}},"b":{"0":[7],"1":[6],"2":[1],"3":[5],"4":[1],"5":[4],"6":[2],"7":[1]},"fnMap":{"0":{"name":"GetTransactionsByUserIdController","decl":{"start":{"line":12,"column":2},"end":{"line":14,"column":3}},"loc":{"start":{"line":12,"column":2},"end":{"line":14,"column":3}},"line":12},"1":{"name":"execute","decl":{"start":{"line":16,"column":2},"end":{"line":43,"column":3}},"loc":{"start":{"line":16,"column":2},"end":{"line":43,"column":3}},"line":16}},"f":{"0":7,"1":6}}
,"C:\\Projects\\curso-full-stack-club\\finance-app-api\\src\\controllers\\transaction\\update-transaction.js": {"path":"C:\\Projects\\curso-full-stack-club\\finance-app-api\\src\\controllers\\transaction\\update-transaction.js","all":false,"statementMap":{"0":{"start":{"line":1,"column":0},"end":{"line":1,"column":31}},"1":{"start":{"line":2,"column":0},"end":{"line":2,"column":71}},"2":{"start":{"line":3,"column":0},"end":{"line":3,"column":8}},"3":{"start":{"line":4,"column":0},"end":{"line":4,"column":19}},"4":{"start":{"line":5,"column":0},"end":{"line":5,"column":20}},"5":{"start":{"line":6,"column":0},"end":{"line":6,"column":14}},"6":{"start":{"line":7,"column":0},"end":{"line":7,"column":5}},"7":{"start":{"line":8,"column":0},"end":{"line":8,"column":13}},"8":{"start":{"line":9,"column":0},"end":{"line":9,"column":30}},"9":{"start":{"line":10,"column":0},"end":{"line":10,"column":29}},"10":{"start":{"line":11,"column":0},"end":{"line":11,"column":71}},"11":{"start":{"line":12,"column":0},"end":{"line":12,"column":0}},"12":{"start":{"line":13,"column":0},"end":{"line":13,"column":42}},"13":{"start":{"line":14,"column":0},"end":{"line":14,"column":41}},"14":{"start":{"line":15,"column":0},"end":{"line":15,"column":61}},"15":{"start":{"line":16,"column":0},"end":{"line":16,"column":3}},"16":{"start":{"line":17,"column":0},"end":{"line":17,"column":30}},"17":{"start":{"line":18,"column":0},"end":{"line":18,"column":9}},"18":{"start":{"line":19,"column":0},"end":{"line":19,"column":75}},"19":{"start":{"line":20,"column":0},"end":{"line":20,"column":0}},"20":{"start":{"line":21,"column":0},"end":{"line":21,"column":23}},"21":{"start":{"line":22,"column":0},"end":{"line":22,"column":35}},"22":{"start":{"line":23,"column":0},"end":{"line":23,"column":7}},"23":{"start":{"line":24,"column":0},"end":{"line":24,"column":0}},"24":{"start":{"line":25,"column":0},"end":{"line":25,"column":38}},"25":{"start":{"line":26,"column":0},"end":{"line":26,"column":0}},"26":{"start":{"line":27,"column":0},"end":{"line":27,"column":55}},"27":{"start":{"line":28,"column":0},"end":{"line":28,"column":0}},"28":{"start":{"line":29,"column":0},"end":{"line":29,"column":70}},"29":{"start":{"line":30,"column":0},"end":{"line":30,"column":41}},"30":{"start":{"line":31,"column":0},"end":{"line":31,"column":15}},"31":{"start":{"line":32,"column":0},"end":{"line":32,"column":8}},"32":{"start":{"line":33,"column":0},"end":{"line":33,"column":0}},"33":{"start":{"line":34,"column":0},"end":{"line":34,"column":29}},"34":{"start":{"line":35,"column":0},"end":{"line":35,"column":21}},"35":{"start":{"line":36,"column":0},"end":{"line":36,"column":38}},"36":{"start":{"line":37,"column":0},"end":{"line":37,"column":27}},"37":{"start":{"line":38,"column":0},"end":{"line":38,"column":43}},"38":{"start":{"line":39,"column":0},"end":{"line":39,"column":11}},"39":{"start":{"line":40,"column":0},"end":{"line":40,"column":7}},"40":{"start":{"line":41,"column":0},"end":{"line":41,"column":0}},"41":{"start":{"line":42,"column":0},"end":{"line":42,"column":54}},"42":{"start":{"line":43,"column":0},"end":{"line":43,"column":45}},"43":{"start":{"line":44,"column":0},"end":{"line":44,"column":7}},"44":{"start":{"line":45,"column":0},"end":{"line":45,"column":0}},"45":{"start":{"line":46,"column":0},"end":{"line":46,"column":27}},"46":{"start":{"line":47,"column":0},"end":{"line":47,"column":0}},"47":{"start":{"line":48,"column":0},"end":{"line":48,"column":27}},"48":{"start":{"line":49,"column":0},"end":{"line":49,"column":5}},"49":{"start":{"line":50,"column":0},"end":{"line":50,"column":3}},"50":{"start":{"line":51,"column":0},"end":{"line":51,"column":1}}},"s":{"0":1,"1":1,"2":1,"3":1,"4":1,"5":1,"6":1,"7":1,"8":1,"9":1,"10":1,"11":1,"12":1,"13":1,"14":9,"15":9,"16":1,"17":8,"18":8,"19":8,"20":8,"21":1,"22":1,"23":7,"24":7,"25":7,"26":7,"27":4,"28":4,"29":4,"30":4,"31":4,"32":2,"33":2,"34":8,"35":5,"36":3,"37":3,"38":3,"39":3,"40":2,"41":5,"42":1,"43":1,"44":1,"45":1,"46":1,"47":1,"48":1,"49":8,"50":1},"branchMap":{"0":{"type":"branch","line":14,"loc":{"start":{"line":14,"column":2},"end":{"line":16,"column":3}},"locations":[{"start":{"line":14,"column":2},"end":{"line":16,"column":3}}]},"1":{"type":"branch","line":17,"loc":{"start":{"line":17,"column":2},"end":{"line":50,"column":3}},"locations":[{"start":{"line":17,"column":2},"end":{"line":50,"column":3}}]},"2":{"type":"branch","line":21,"loc":{"start":{"line":21,"column":22},"end":{"line":23,"column":7}},"locations":[{"start":{"line":21,"column":22},"end":{"line":23,"column":7}}]},"3":{"type":"branch","line":23,"loc":{"start":{"line":23,"column":6},"end":{"line":27,"column":55}},"locations":[{"start":{"line":23,"column":6},"end":{"line":27,"column":55}}]},"4":{"type":"branch","line":27,"loc":{"start":{"line":27,"column":54},"end":{"line":32,"column":8}},"locations":[{"start":{"line":27,"column":54},"end":{"line":32,"column":8}}]},"5":{"type":"branch","line":32,"loc":{"start":{"line":32,"column":7},"end":{"line":35,"column":6}},"locations":[{"start":{"line":32,"column":7},"end":{"line":35,"column":6}}]},"6":{"type":"branch","line":35,"loc":{"start":{"line":35,"column":6},"end":{"line":49,"column":5}},"locations":[{"start":{"line":35,"column":6},"end":{"line":49,"column":5}}]},"7":{"type":"branch","line":36,"loc":{"start":{"line":36,"column":37},"end":{"line":40,"column":7}},"locations":[{"start":{"line":36,"column":37},"end":{"line":40,"column":7}}]},"8":{"type":"branch","line":40,"loc":{"start":{"line":40,"column":6},"end":{"line":42,"column":53}},"locations":[{"start":{"line":40,"column":6},"end":{"line":42,"column":53}}]},"9":{"type":"branch","line":42,"loc":{"start":{"line":42,"column":53},"end":{"line":49,"column":5}},"locations":[{"start":{"line":42,"column":53},"end":{"line":49,"column":5}}]}},"b":{"0":[9],"1":[8],"2":[1],"3":[7],"4":[4],"5":[2],"6":[5],"7":[3],"8":[2],"9":[1]},"fnMap":{"0":{"name":"UpdateTransactionController","decl":{"start":{"line":14,"column":2},"end":{"line":16,"column":3}},"loc":{"start":{"line":14,"column":2},"end":{"line":16,"column":3}},"line":14},"1":{"name":"execute","decl":{"start":{"line":17,"column":2},"end":{"line":50,"column":3}},"loc":{"start":{"line":17,"column":2},"end":{"line":50,"column":3}},"line":17}},"f":{"0":9,"1":8}}
,"C:\\Projects\\curso-full-stack-club\\finance-app-api\\src\\controllers\\user\\create-user.js": {"path":"C:\\Projects\\curso-full-stack-club\\finance-app-api\\src\\controllers\\user\\create-user.js","all":false,"statementMap":{"0":{"start":{"line":1,"column":0},"end":{"line":1,"column":62}},"1":{"start":{"line":2,"column":0},"end":{"line":2,"column":57}},"2":{"start":{"line":3,"column":0},"end":{"line":3,"column":71}},"3":{"start":{"line":4,"column":0},"end":{"line":4,"column":31}},"4":{"start":{"line":5,"column":0},"end":{"line":5,"column":0}},"5":{"start":{"line":6,"column":0},"end":{"line":6,"column":35}},"6":{"start":{"line":7,"column":0},"end":{"line":7,"column":34}},"7":{"start":{"line":8,"column":0},"end":{"line":8,"column":47}},"8":{"start":{"line":9,"column":0},"end":{"line":9,"column":3}},"9":{"start":{"line":10,"column":0},"end":{"line":10,"column":0}},"10":{"start":{"line":11,"column":0},"end":{"line":11,"column":30}},"11":{"start":{"line":12,"column":0},"end":{"line":12,"column":9}},"12":{"start":{"line":13,"column":0},"end":{"line":13,"column":38}},"13":{"start":{"line":14,"column":0},"end":{"line":14,"column":0}},"14":{"start":{"line":15,"column":0},"end":{"line":15,"column":48}},"15":{"start":{"line":16,"column":0},"end":{"line":16,"column":0}},"16":{"start":{"line":17,"column":0},"end":{"line":17,"column":71}},"17":{"start":{"line":18,"column":0},"end":{"line":18,"column":0}},"18":{"start":{"line":19,"column":0},"end":{"line":19,"column":34}},"19":{"start":{"line":20,"column":0},"end":{"line":20,"column":21}},"20":{"start":{"line":21,"column":0},"end":{"line":21,"column":38}},"21":{"start":{"line":22,"column":0},"end":{"line":22,"column":27}},"22":{"start":{"line":23,"column":0},"end":{"line":23,"column":43}},"23":{"start":{"line":24,"column":0},"end":{"line":24,"column":11}},"24":{"start":{"line":25,"column":0},"end":{"line":25,"column":7}},"25":{"start":{"line":26,"column":0},"end":{"line":26,"column":0}},"26":{"start":{"line":27,"column":0},"end":{"line":27,"column":52}},"27":{"start":{"line":28,"column":0},"end":{"line":28,"column":54}},"28":{"start":{"line":29,"column":0},"end":{"line":29,"column":7}},"29":{"start":{"line":30,"column":0},"end":{"line":30,"column":0}},"30":{"start":{"line":31,"column":0},"end":{"line":31,"column":27}},"31":{"start":{"line":32,"column":0},"end":{"line":32,"column":27}},"32":{"start":{"line":33,"column":0},"end":{"line":33,"column":5}},"33":{"start":{"line":34,"column":0},"end":{"line":34,"column":3}},"34":{"start":{"line":35,"column":0},"end":{"line":35,"column":1}}},"s":{"0":1,"1":1,"2":1,"3":1,"4":1,"5":1,"6":1,"7":11,"8":11,"9":1,"10":1,"11":10,"12":10,"13":10,"14":10,"15":4,"16":4,"17":2,"18":2,"19":10,"20":8,"21":6,"22":6,"23":6,"24":6,"25":2,"26":8,"27":1,"28":1,"29":1,"30":1,"31":1,"32":1,"33":10,"34":1},"branchMap":{"0":{"type":"branch","line":7,"loc":{"start":{"line":7,"column":2},"end":{"line":9,"column":3}},"locations":[{"start":{"line":7,"column":2},"end":{"line":9,"column":3}}]},"1":{"type":"branch","line":11,"loc":{"start":{"line":11,"column":2},"end":{"line":34,"column":3}},"locations":[{"start":{"line":11,"column":2},"end":{"line":34,"column":3}}]},"2":{"type":"branch","line":15,"loc":{"start":{"line":15,"column":47},"end":{"line":17,"column":71}},"locations":[{"start":{"line":15,"column":47},"end":{"line":17,"column":71}}]},"3":{"type":"branch","line":17,"loc":{"start":{"line":17,"column":70},"end":{"line":20,"column":6}},"locations":[{"start":{"line":17,"column":70},"end":{"line":20,"column":6}}]},"4":{"type":"branch","line":20,"loc":{"start":{"line":20,"column":6},"end":{"line":33,"column":5}},"locations":[{"start":{"line":20,"column":6},"end":{"line":33,"column":5}}]},"5":{"type":"branch","line":21,"loc":{"start":{"line":21,"column":37},"end":{"line":25,"column":7}},"locations":[{"start":{"line":21,"column":37},"end":{"line":25,"column":7}}]},"6":{"type":"branch","line":25,"loc":{"start":{"line":25,"column":6},"end":{"line":27,"column":51}},"locations":[{"start":{"line":25,"column":6},"end":{"line":27,"column":51}}]},"7":{"type":"branch","line":27,"loc":{"start":{"line":27,"column":51},"end":{"line":33,"column":5}},"locations":[{"start":{"line":27,"column":51},"end":{"line":33,"column":5}}]}},"b":{"0":[11],"1":[10],"2":[4],"3":[2],"4":[8],"5":[6],"6":[2],"7":[1]},"fnMap":{"0":{"name":"CreateUserController","decl":{"start":{"line":7,"column":2},"end":{"line":9,"column":3}},"loc":{"start":{"line":7,"column":2},"end":{"line":9,"column":3}},"line":7},"1":{"name":"execute","decl":{"start":{"line":11,"column":2},"end":{"line":34,"column":3}},"loc":{"start":{"line":11,"column":2},"end":{"line":34,"column":3}},"line":11}},"f":{"0":11,"1":10}}
,"C:\\Projects\\curso-full-stack-club\\finance-app-api\\src\\controllers\\user\\delete-user.js": {"path":"C:\\Projects\\curso-full-stack-club\\finance-app-api\\src\\controllers\\user\\delete-user.js","all":false,"statementMap":{"0":{"start":{"line":1,"column":0},"end":{"line":1,"column":57}},"1":{"start":{"line":2,"column":0},"end":{"line":2,"column":8}},"2":{"start":{"line":3,"column":0},"end":{"line":3,"column":19}},"3":{"start":{"line":4,"column":0},"end":{"line":4,"column":20}},"4":{"start":{"line":5,"column":0},"end":{"line":5,"column":23}},"5":{"start":{"line":6,"column":0},"end":{"line":6,"column":5}},"6":{"start":{"line":7,"column":0},"end":{"line":7,"column":14}},"7":{"start":{"line":8,"column":0},"end":{"line":8,"column":29}},"8":{"start":{"line":9,"column":0},"end":{"line":9,"column":0}},"9":{"start":{"line":10,"column":0},"end":{"line":10,"column":35}},"10":{"start":{"line":11,"column":0},"end":{"line":11,"column":34}},"11":{"start":{"line":12,"column":0},"end":{"line":12,"column":47}},"12":{"start":{"line":13,"column":0},"end":{"line":13,"column":3}},"13":{"start":{"line":14,"column":0},"end":{"line":14,"column":0}},"14":{"start":{"line":15,"column":0},"end":{"line":15,"column":30}},"15":{"start":{"line":16,"column":0},"end":{"line":16,"column":9}},"16":{"start":{"line":17,"column":0},"end":{"line":17,"column":47}},"17":{"start":{"line":18,"column":0},"end":{"line":18,"column":0}},"18":{"start":{"line":19,"column":0},"end":{"line":19,"column":49}},"19":{"start":{"line":20,"column":0},"end":{"line":20,"column":0}},"20":{"start":{"line":21,"column":0},"end":{"line":21,"column":23}},"21":{"start":{"line":22,"column":0},"end":{"line":22,"column":35}},"22":{"start":{"line":23,"column":0},"end":{"line":23,"column":7}},"23":{"start":{"line":24,"column":0},"end":{"line":24,"column":0}},"24":{"start":{"line":25,"column":0},"end":{"line":25,"column":71}},"25":{"start":{"line":26,"column":0},"end":{"line":26,"column":0}},"26":{"start":{"line":27,"column":0},"end":{"line":27,"column":29}},"27":{"start":{"line":28,"column":0},"end":{"line":28,"column":21}},"28":{"start":{"line":29,"column":0},"end":{"line":29,"column":47}},"29":{"start":{"line":30,"column":0},"end":{"line":30,"column":38}},"30":{"start":{"line":31,"column":0},"end":{"line":31,"column":7}},"31":{"start":{"line":32,"column":0},"end":{"line":32,"column":0}},"32":{"start":{"line":33,"column":0},"end":{"line":33,"column":27}},"33":{"start":{"line":34,"column":0},"end":{"line":34,"column":27}},"34":{"start":{"line":35,"column":0},"end":{"line":35,"column":5}},"35":{"start":{"line":36,"column":0},"end":{"line":36,"column":3}},"36":{"start":{"line":37,"column":0},"end":{"line":37,"column":1}}},"s":{"0":1,"1":1,"2":1,"3":1,"4":1,"5":1,"6":1,"7":1,"8":1,"9":1,"10":1,"11":6,"12":6,"13":1,"14":1,"15":5,"16":5,"17":5,"18":5,"19":5,"20":5,"21":1,"22":1,"23":4,"24":4,"25":2,"26":2,"27":2,"28":2,"29":1,"30":1,"31":1,"32":1,"33":1,"34":1,"35":5,"36":1},"branchMap":{"0":{"type":"branch","line":11,"loc":{"start":{"line":11,"column":2},"end":{"line":13,"column":3}},"locations":[{"start":{"line":11,"column":2},"end":{"line":13,"column":3}}]},"1":{"type":"branch","line":15,"loc":{"start":{"line":15,"column":2},"end":{"line":36,"column":3}},"locations":[{"start":{"line":15,"column":2},"end":{"line":36,"column":3}}]},"2":{"type":"branch","line":21,"loc":{"start":{"line":21,"column":22},"end":{"line":23,"column":7}},"locations":[{"start":{"line":21,"column":22},"end":{"line":23,"column":7}}]},"3":{"type":"branch","line":23,"loc":{"start":{"line":23,"column":6},"end":{"line":25,"column":71}},"locations":[{"start":{"line":23,"column":6},"end":{"line":25,"column":71}}]},"4":{"type":"branch","line":25,"loc":{"start":{"line":25,"column":70},"end":{"line":35,"column":5}},"locations":[{"start":{"line":25,"column":70},"end":{"line":35,"column":5}}]},"5":{"type":"branch","line":29,"loc":{"start":{"line":29,"column":46},"end":{"line":35,"column":5}},"locations":[{"start":{"line":29,"column":46},"end":{"line":35,"column":5}}]}},"b":{"0":[6],"1":[5],"2":[1],"3":[4],"4":[2],"5":[1]},"fnMap":{"0":{"name":"DeleteUserController","decl":{"start":{"line":11,"column":2},"end":{"line":13,"column":3}},"loc":{"start":{"line":11,"column":2},"end":{"line":13,"column":3}},"line":11},"1":{"name":"execute","decl":{"start":{"line":15,"column":2},"end":{"line":36,"column":3}},"loc":{"start":{"line":15,"column":2},"end":{"line":36,"column":3}},"line":15}},"f":{"0":6,"1":5}}
,"C:\\Projects\\curso-full-stack-club\\finance-app-api\\src\\controllers\\user\\get-user-balance.js": {"path":"C:\\Projects\\curso-full-stack-club\\finance-app-api\\src\\controllers\\user\\get-user-balance.js","all":false,"statementMap":{"0":{"start":{"line":1,"column":0},"end":{"line":1,"column":57}},"1":{"start":{"line":2,"column":0},"end":{"line":2,"column":8}},"2":{"start":{"line":3,"column":0},"end":{"line":3,"column":14}},"3":{"start":{"line":4,"column":0},"end":{"line":4,"column":23}},"4":{"start":{"line":5,"column":0},"end":{"line":5,"column":19}},"5":{"start":{"line":6,"column":0},"end":{"line":6,"column":20}},"6":{"start":{"line":7,"column":0},"end":{"line":7,"column":5}},"7":{"start":{"line":8,"column":0},"end":{"line":8,"column":29}},"8":{"start":{"line":9,"column":0},"end":{"line":9,"column":0}},"9":{"start":{"line":10,"column":0},"end":{"line":10,"column":39}},"10":{"start":{"line":11,"column":0},"end":{"line":11,"column":38}},"11":{"start":{"line":12,"column":0},"end":{"line":12,"column":55}},"12":{"start":{"line":13,"column":0},"end":{"line":13,"column":3}},"13":{"start":{"line":14,"column":0},"end":{"line":14,"column":0}},"14":{"start":{"line":15,"column":0},"end":{"line":15,"column":30}},"15":{"start":{"line":16,"column":0},"end":{"line":16,"column":9}},"16":{"start":{"line":17,"column":0},"end":{"line":17,"column":47}},"17":{"start":{"line":18,"column":0},"end":{"line":18,"column":0}},"18":{"start":{"line":19,"column":0},"end":{"line":19,"column":49}},"19":{"start":{"line":20,"column":0},"end":{"line":20,"column":0}},"20":{"start":{"line":21,"column":0},"end":{"line":21,"column":23}},"21":{"start":{"line":22,"column":0},"end":{"line":22,"column":35}},"22":{"start":{"line":23,"column":0},"end":{"line":23,"column":7}},"23":{"start":{"line":24,"column":0},"end":{"line":24,"column":0}},"24":{"start":{"line":25,"column":0},"end":{"line":25,"column":71}},"25":{"start":{"line":26,"column":0},"end":{"line":26,"column":0}},"26":{"start":{"line":27,"column":0},"end":{"line":27,"column":25}},"27":{"start":{"line":28,"column":0},"end":{"line":28,"column":21}},"28":{"start":{"line":29,"column":0},"end":{"line":29,"column":47}},"29":{"start":{"line":30,"column":0},"end":{"line":30,"column":38}},"30":{"start":{"line":31,"column":0},"end":{"line":31,"column":7}},"31":{"start":{"line":32,"column":0},"end":{"line":32,"column":0}},"32":{"start":{"line":33,"column":0},"end":{"line":33,"column":27}},"33":{"start":{"line":34,"column":0},"end":{"line":34,"column":0}},"34":{"start":{"line":35,"column":0},"end":{"line":35,"column":27}},"35":{"start":{"line":36,"column":0},"end":{"line":36,"column":5}},"36":{"start":{"line":37,"column":0},"end":{"line":37,"column":3}},"37":{"start":{"line":38,"column":0},"end":{"line":38,"column":1}}},"s":{"0":1,"1":1,"2":1,"3":1,"4":1,"5":1,"6":1,"7":1,"8":1,"9":1,"10":1,"11":6,"12":6,"13":1,"14":1,"15":5,"16":5,"17":5,"18":5,"19":5,"20":5,"21":1,"22":1,"23":4,"24":4,"25":2,"26":2,"27":2,"28":2,"29":1,"30":1,"31":1,"32":1,"33":1,"34":1,"35":1,"36":5,"37":1},"branchMap":{"0":{"type":"branch","line":11,"loc":{"start":{"line":11,"column":2},"end":{"line":13,"column":3}},"locations":[{"start":{"line":11,"column":2},"end":{"line":13,"column":3}}]},"1":{"type":"branch","line":15,"loc":{"start":{"line":15,"column":2},"end":{"line":37,"column":3}},"locations":[{"start":{"line":15,"column":2},"end":{"line":37,"column":3}}]},"2":{"type":"branch","line":21,"loc":{"start":{"line":21,"column":22},"end":{"line":23,"column":7}},"locations":[{"start":{"line":21,"column":22},"end":{"line":23,"column":7}}]},"3":{"type":"branch","line":23,"loc":{"start":{"line":23,"column":6},"end":{"line":25,"column":71}},"locations":[{"start":{"line":23,"column":6},"end":{"line":25,"column":71}}]},"4":{"type":"branch","line":25,"loc":{"start":{"line":25,"column":70},"end":{"line":36,"column":5}},"locations":[{"start":{"line":25,"column":70},"end":{"line":36,"column":5}}]},"5":{"type":"branch","line":29,"loc":{"start":{"line":29,"column":46},"end":{"line":36,"column":5}},"locations":[{"start":{"line":29,"column":46},"end":{"line":36,"column":5}}]}},"b":{"0":[6],"1":[5],"2":[1],"3":[4],"4":[2],"5":[1]},"fnMap":{"0":{"name":"GetUserBalanceController","decl":{"start":{"line":11,"column":2},"end":{"line":13,"column":3}},"loc":{"start":{"line":11,"column":2},"end":{"line":13,"column":3}},"line":11},"1":{"name":"execute","decl":{"start":{"line":15,"column":2},"end":{"line":37,"column":3}},"loc":{"start":{"line":15,"column":2},"end":{"line":37,"column":3}},"line":15}},"f":{"0":6,"1":5}}
,"C:\\Projects\\curso-full-stack-club\\finance-app-api\\src\\controllers\\user\\get-user-by-id.js": {"path":"C:\\Projects\\curso-full-stack-club\\finance-app-api\\src\\controllers\\user\\get-user-by-id.js","all":false,"statementMap":{"0":{"start":{"line":1,"column":0},"end":{"line":1,"column":8}},"1":{"start":{"line":2,"column":0},"end":{"line":2,"column":19}},"2":{"start":{"line":3,"column":0},"end":{"line":3,"column":20}},"3":{"start":{"line":4,"column":0},"end":{"line":4,"column":23}},"4":{"start":{"line":5,"column":0},"end":{"line":5,"column":5}},"5":{"start":{"line":6,"column":0},"end":{"line":6,"column":14}},"6":{"start":{"line":7,"column":0},"end":{"line":7,"column":29}},"7":{"start":{"line":8,"column":0},"end":{"line":8,"column":0}},"8":{"start":{"line":9,"column":0},"end":{"line":9,"column":36}},"9":{"start":{"line":10,"column":0},"end":{"line":10,"column":35}},"10":{"start":{"line":11,"column":0},"end":{"line":11,"column":49}},"11":{"start":{"line":12,"column":0},"end":{"line":12,"column":3}},"12":{"start":{"line":13,"column":0},"end":{"line":13,"column":0}},"13":{"start":{"line":14,"column":0},"end":{"line":14,"column":30}},"14":{"start":{"line":15,"column":0},"end":{"line":15,"column":9}},"15":{"start":{"line":16,"column":0},"end":{"line":16,"column":68}},"16":{"start":{"line":17,"column":0},"end":{"line":17,"column":0}},"17":{"start":{"line":18,"column":0},"end":{"line":18,"column":23}},"18":{"start":{"line":19,"column":0},"end":{"line":19,"column":35}},"19":{"start":{"line":20,"column":0},"end":{"line":20,"column":7}},"20":{"start":{"line":21,"column":0},"end":{"line":21,"column":0}},"21":{"start":{"line":22,"column":0},"end":{"line":22,"column":57}},"22":{"start":{"line":23,"column":0},"end":{"line":23,"column":34}},"23":{"start":{"line":24,"column":0},"end":{"line":24,"column":8}},"24":{"start":{"line":25,"column":0},"end":{"line":25,"column":0}},"25":{"start":{"line":26,"column":0},"end":{"line":26,"column":18}},"26":{"start":{"line":27,"column":0},"end":{"line":27,"column":38}},"27":{"start":{"line":28,"column":0},"end":{"line":28,"column":7}},"28":{"start":{"line":29,"column":0},"end":{"line":29,"column":0}},"29":{"start":{"line":30,"column":0},"end":{"line":30,"column":22}},"30":{"start":{"line":31,"column":0},"end":{"line":31,"column":21}},"31":{"start":{"line":32,"column":0},"end":{"line":32,"column":27}},"32":{"start":{"line":33,"column":0},"end":{"line":33,"column":27}},"33":{"start":{"line":34,"column":0},"end":{"line":34,"column":5}},"34":{"start":{"line":35,"column":0},"end":{"line":35,"column":3}},"35":{"start":{"line":36,"column":0},"end":{"line":36,"column":1}}},"s":{"0":1,"1":1,"2":1,"3":1,"4":1,"5":1,"6":1,"7":1,"8":1,"9":1,"10":6,"11":6,"12":1,"13":1,"14":5,"15":5,"16":5,"17":5,"18":1,"19":1,"20":4,"21":4,"22":4,"23":4,"24":3,"25":5,"26":1,"27":1,"28":2,"29":2,"30":5,"31":1,"32":1,"33":1,"34":5,"35":1},"branchMap":{"0":{"type":"branch","line":10,"loc":{"start":{"line":10,"column":2},"end":{"line":12,"column":3}},"locations":[{"start":{"line":10,"column":2},"end":{"line":12,"column":3}}]},"1":{"type":"branch","line":14,"loc":{"start":{"line":14,"column":2},"end":{"line":35,"column":3}},"locations":[{"start":{"line":14,"column":2},"end":{"line":35,"column":3}}]},"2":{"type":"branch","line":18,"loc":{"start":{"line":18,"column":22},"end":{"line":20,"column":7}},"locations":[{"start":{"line":18,"column":22},"end":{"line":20,"column":7}}]},"3":{"type":"branch","line":20,"loc":{"start":{"line":20,"column":6},"end":{"line":24,"column":8}},"locations":[{"start":{"line":20,"column":6},"end":{"line":24,"column":8}}]},"4":{"type":"branch","line":24,"loc":{"start":{"line":24,"column":7},"end":{"line":26,"column":17}},"locations":[{"start":{"line":24,"column":7},"end":{"line":26,"column":17}}]},"5":{"type":"branch","line":26,"loc":{"start":{"line":26,"column":17},"end":{"line":28,"column":7}},"locations":[{"start":{"line":26,"column":17},"end":{"line":28,"column":7}}]},"6":{"type":"branch","line":28,"loc":{"start":{"line":28,"column":6},"end":{"line":31,"column":6}},"locations":[{"start":{"line":28,"column":6},"end":{"line":31,"column":6}}]},"7":{"type":"branch","line":31,"loc":{"start":{"line":31,"column":6},"end":{"line":34,"column":5}},"locations":[{"start":{"line":31,"column":6},"end":{"line":34,"column":5}}]}},"b":{"0":[6],"1":[5],"2":[1],"3":[4],"4":[3],"5":[1],"6":[2],"7":[1]},"fnMap":{"0":{"name":"GetUserByIdController","decl":{"start":{"line":10,"column":2},"end":{"line":12,"column":3}},"loc":{"start":{"line":10,"column":2},"end":{"line":12,"column":3}},"line":10},"1":{"name":"execute","decl":{"start":{"line":14,"column":2},"end":{"line":35,"column":3}},"loc":{"start":{"line":14,"column":2},"end":{"line":35,"column":3}},"line":14}},"f":{"0":6,"1":5}}
,"C:\\Projects\\curso-full-stack-club\\finance-app-api\\src\\controllers\\user\\update-user.js": {"path":"C:\\Projects\\curso-full-stack-club\\finance-app-api\\src\\controllers\\user\\update-user.js","all":false,"statementMap":{"0":{"start":{"line":1,"column":0},"end":{"line":1,"column":8}},"1":{"start":{"line":2,"column":0},"end":{"line":2,"column":25}},"2":{"start":{"line":3,"column":0},"end":{"line":3,"column":20}},"3":{"start":{"line":4,"column":0},"end":{"line":4,"column":30}},"4":{"start":{"line":5,"column":0},"end":{"line":5,"column":57}},"5":{"start":{"line":6,"column":0},"end":{"line":6,"column":8}},"6":{"start":{"line":7,"column":0},"end":{"line":7,"column":19}},"7":{"start":{"line":8,"column":0},"end":{"line":8,"column":20}},"8":{"start":{"line":9,"column":0},"end":{"line":9,"column":13}},"9":{"start":{"line":10,"column":0},"end":{"line":10,"column":5}},"10":{"start":{"line":11,"column":0},"end":{"line":11,"column":14}},"11":{"start":{"line":12,"column":0},"end":{"line":12,"column":23}},"12":{"start":{"line":13,"column":0},"end":{"line":13,"column":29}},"13":{"start":{"line":14,"column":0},"end":{"line":14,"column":31}},"14":{"start":{"line":15,"column":0},"end":{"line":15,"column":0}},"15":{"start":{"line":16,"column":0},"end":{"line":16,"column":35}},"16":{"start":{"line":17,"column":0},"end":{"line":17,"column":34}},"17":{"start":{"line":18,"column":0},"end":{"line":18,"column":47}},"18":{"start":{"line":19,"column":0},"end":{"line":19,"column":3}},"19":{"start":{"line":20,"column":0},"end":{"line":20,"column":0}},"20":{"start":{"line":21,"column":0},"end":{"line":21,"column":30}},"21":{"start":{"line":22,"column":0},"end":{"line":22,"column":9}},"22":{"start":{"line":23,"column":0},"end":{"line":23,"column":47}},"23":{"start":{"line":24,"column":0},"end":{"line":24,"column":0}},"24":{"start":{"line":25,"column":0},"end":{"line":25,"column":49}},"25":{"start":{"line":26,"column":0},"end":{"line":26,"column":0}},"26":{"start":{"line":27,"column":0},"end":{"line":27,"column":23}},"27":{"start":{"line":28,"column":0},"end":{"line":28,"column":35}},"28":{"start":{"line":29,"column":0},"end":{"line":29,"column":7}},"29":{"start":{"line":30,"column":0},"end":{"line":30,"column":0}},"30":{"start":{"line":31,"column":0},"end":{"line":31,"column":38}},"31":{"start":{"line":32,"column":0},"end":{"line":32,"column":0}},"32":{"start":{"line":33,"column":0},"end":{"line":33,"column":48}},"33":{"start":{"line":34,"column":0},"end":{"line":34,"column":0}},"34":{"start":{"line":35,"column":0},"end":{"line":35,"column":79}},"35":{"start":{"line":36,"column":0},"end":{"line":36,"column":0}},"36":{"start":{"line":37,"column":0},"end":{"line":37,"column":29}},"37":{"start":{"line":38,"column":0},"end":{"line":38,"column":21}},"38":{"start":{"line":39,"column":0},"end":{"line":39,"column":38}},"39":{"start":{"line":40,"column":0},"end":{"line":40,"column":27}},"40":{"start":{"line":41,"column":0},"end":{"line":41,"column":43}},"41":{"start":{"line":42,"column":0},"end":{"line":42,"column":11}},"42":{"start":{"line":43,"column":0},"end":{"line":43,"column":7}},"43":{"start":{"line":44,"column":0},"end":{"line":44,"column":0}},"44":{"start":{"line":45,"column":0},"end":{"line":45,"column":52}},"45":{"start":{"line":46,"column":0},"end":{"line":46,"column":54}},"46":{"start":{"line":47,"column":0},"end":{"line":47,"column":7}},"47":{"start":{"line":48,"column":0},"end":{"line":48,"column":0}},"48":{"start":{"line":49,"column":0},"end":{"line":49,"column":47}},"49":{"start":{"line":50,"column":0},"end":{"line":50,"column":38}},"50":{"start":{"line":51,"column":0},"end":{"line":51,"column":7}},"51":{"start":{"line":52,"column":0},"end":{"line":52,"column":0}},"52":{"start":{"line":53,"column":0},"end":{"line":53,"column":27}},"53":{"start":{"line":54,"column":0},"end":{"line":54,"column":27}},"54":{"start":{"line":55,"column":0},"end":{"line":55,"column":5}},"55":{"start":{"line":56,"column":0},"end":{"line":56,"column":3}},"56":{"start":{"line":57,"column":0},"end":{"line":57,"column":1}}},"s":{"0":1,"1":1,"2":1,"3":1,"4":1,"5":1,"6":1,"7":1,"8":1,"9":1,"10":1,"11":1,"12":1,"13":1,"14":1,"15":1,"16":1,"17":10,"18":10,"19":1,"20":1,"21":9,"22":9,"23":9,"24":9,"25":9,"26":9,"27":1,"28":1,"29":8,"30":8,"31":8,"32":8,"33":5,"34":5,"35":2,"36":2,"37":9,"38":6,"39":3,"40":3,"41":3,"42":3,"43":3,"44":6,"45":1,"46":1,"47":2,"48":6,"49":1,"50":1,"51":1,"52":1,"53":1,"54":1,"55":9,"56":1},"branchMap":{"0":{"type":"branch","line":17,"loc":{"start":{"line":17,"column":2},"end":{"line":19,"column":3}},"locations":[{"start":{"line":17,"column":2},"end":{"line":19,"column":3}}]},"1":{"type":"branch","line":21,"loc":{"start":{"line":21,"column":2},"end":{"line":56,"column":3}},"locations":[{"start":{"line":21,"column":2},"end":{"line":56,"column":3}}]},"2":{"type":"branch","line":27,"loc":{"start":{"line":27,"column":22},"end":{"line":29,"column":7}},"locations":[{"start":{"line":27,"column":22},"end":{"line":29,"column":7}}]},"3":{"type":"branch","line":29,"loc":{"start":{"line":29,"column":6},"end":{"line":33,"column":48}},"locations":[{"start":{"line":29,"column":6},"end":{"line":33,"column":48}}]},"4":{"type":"branch","line":33,"loc":{"start":{"line":33,"column":47},"end":{"line":35,"column":79}},"locations":[{"start":{"line":33,"column":47},"end":{"line":35,"column":79}}]},"5":{"type":"branch","line":35,"loc":{"start":{"line":35,"column":78},"end":{"line":38,"column":6}},"locations":[{"start":{"line":35,"column":78},"end":{"line":38,"column":6}}]},"6":{"type":"branch","line":38,"loc":{"start":{"line":38,"column":6},"end":{"line":55,"column":5}},"locations":[{"start":{"line":38,"column":6},"end":{"line":55,"column":5}}]},"7":{"type":"branch","line":39,"loc":{"start":{"line":39,"column":37},"end":{"line":45,"column":51}},"locations":[{"start":{"line":39,"column":37},"end":{"line":45,"column":51}}]},"8":{"type":"branch","line":45,"loc":{"start":{"line":45,"column":51},"end":{"line":47,"column":7}},"locations":[{"start":{"line":45,"column":51},"end":{"line":47,"column":7}}]},"9":{"type":"branch","line":47,"loc":{"start":{"line":47,"column":6},"end":{"line":49,"column":46}},"locations":[{"start":{"line":47,"column":6},"end":{"line":49,"column":46}}]},"10":{"type":"branch","line":49,"loc":{"start":{"line":49,"column":46},"end":{"line":55,"column":5}},"locations":[{"start":{"line":49,"column":46},"end":{"line":55,"column":5}}]}},"b":{"0":[10],"1":[9],"2":[1],"3":[8],"4":[5],"5":[2],"6":[6],"7":[3],"8":[1],"9":[2],"10":[1]},"fnMap":{"0":{"name":"UpdateUserController","decl":{"start":{"line":17,"column":2},"end":{"line":19,"column":3}},"loc":{"start":{"line":17,"column":2},"end":{"line":19,"column":3}},"line":17},"1":{"name":"execute","decl":{"start":{"line":21,"column":2},"end":{"line":56,"column":3}},"loc":{"start":{"line":21,"column":2},"end":{"line":56,"column":3}},"line":21}},"f":{"0":10,"1":9}}
,"C:\\Projects\\curso-full-stack-club\\finance-app-api\\src\\errors\\index.js": {"path":"C:\\Projects\\curso-full-stack-club\\finance-app-api\\src\\errors\\index.js","all":false,"statementMap":{"0":{"start":{"line":1,"column":0},"end":{"line":1,"column":26}},"1":{"start":{"line":2,"column":0},"end":{"line":2,"column":33}}},"s":{"0":2,"1":4},"branchMap":{"0":{"type":"branch","line":1,"loc":{"start":{"line":1,"column":0},"end":{"line":1,"column":26}},"locations":[{"start":{"line":1,"column":0},"end":{"line":1,"column":26}}]},"1":{"type":"branch","line":1,"loc":{"start":{"line":1,"column":0},"end":{"line":1,"column":26}},"locations":[{"start":{"line":1,"column":0},"end":{"line":1,"column":26}}]},"2":{"type":"branch","line":1,"loc":{"start":{"line":1,"column":0},"end":{"line":1,"column":26}},"locations":[{"start":{"line":1,"column":0},"end":{"line":1,"column":26}}]},"3":{"type":"branch","line":1,"loc":{"start":{"line":1,"column":0},"end":{"line":1,"column":26}},"locations":[{"start":{"line":1,"column":0},"end":{"line":1,"column":26}}]},"4":{"type":"branch","line":1,"loc":{"start":{"line":1,"column":0},"end":{"line":1,"column":26}},"locations":[{"start":{"line":1,"column":0},"end":{"line":1,"column":26}}]},"5":{"type":"branch","line":2,"loc":{"start":{"line":2,"column":0},"end":{"line":2,"column":33}},"locations":[{"start":{"line":2,"column":0},"end":{"line":2,"column":33}}]},"6":{"type":"branch","line":2,"loc":{"start":{"line":2,"column":0},"end":{"line":2,"column":33}},"locations":[{"start":{"line":2,"column":0},"end":{"line":2,"column":33}}]},"7":{"type":"branch","line":2,"loc":{"start":{"line":2,"column":0},"end":{"line":2,"column":33}},"locations":[{"start":{"line":2,"column":0},"end":{"line":2,"column":33}}]},"8":{"type":"branch","line":2,"loc":{"start":{"line":2,"column":0},"end":{"line":2,"column":33}},"locations":[{"start":{"line":2,"column":0},"end":{"line":2,"column":33}}]},"9":{"type":"branch","line":2,"loc":{"start":{"line":2,"column":0},"end":{"line":2,"column":33}},"locations":[{"start":{"line":2,"column":0},"end":{"line":2,"column":33}}]}},"b":{"0":[12],"1":[0],"2":[0],"3":[0],"4":[2],"5":[6],"6":[0],"7":[0],"8":[0],"9":[4]},"fnMap":{"0":{"name":"get","decl":{"start":{"line":1,"column":0},"end":{"line":1,"column":26}},"loc":{"start":{"line":1,"column":0},"end":{"line":1,"column":26}},"line":1},"1":{"name":"get","decl":{"start":{"line":2,"column":0},"end":{"
[...]
,"C:\\Projects\\curso-full-stack-club\\finance-app-api\\src\\use-cases\\transaction\\update-transaction.js": {"path":"C:\\Projects\\curso-full-stack-club\\finance-app-api\\src\\use-cases\\transaction\\update-transaction.js","all":false,"statementMap":{"0":{"start":{"line":1,"column":0},"end":{"line":1,"column":39}},"1":{"start":{"line":2,"column":0},"end":{"line":2,"column":44}},"2":{"start":{"line":3,"column":0},"end":{"line":3,"column":67}},"3":{"start":{"line":4,"column":0},"end":{"line":4,"column":3}},"4":{"start":{"line":5,"column":0},"end":{"line":5,"column":0}},"5":{"start":{"line":6,"column":0},"end":{"line":6,"column":40}},"6":{"start":{"line":7,"column":0},"end":{"line":7,"column":71}},"7":{"start":{"line":8,"column":0},"end":{"line":8,"column":20}},"8":{"start":{"line":9,"column":0},"end":{"line":9,"column":13}},"9":{"start":{"line":10,"column":0},"end":{"line":10,"column":6}},"10":{"start":{"line":11,"column":0},"end":{"line":11,"column":0}},"11":{"start":{"line":12,"column":0},"end":{"line":12,"column":23}},"12":{"start":{"line":13,"column":0},"end":{"line":13,"column":3}},"13":{"start":{"line":14,"column":0},"end":{"line":14,"column":1}}},"s":{"0":1,"1":1,"2":4,"3":4,"4":1,"5":1,"6":3,"7":3,"8":3,"9":3,"10":2,"11":2,"12":2,"13":1},"branchMap":{"0":{"type":"branch","line":2,"loc":{"start":{"line":2,"column":2},"end":{"line":4,"column":3}},"locations":[{"start":{"line":2,"column":2},"end":{"line":4,"column":3}}]},"1":{"type":"branch","line":6,"loc":{"start":{"line":6,"column":2},"end":{"line":13,"column":3}},"locations":[{"start":{"line":6,"column":2},"end":{"line":13,"column":3}}]},"2":{"type":"branch","line":10,"loc":{"start":{"line":10,"column":5},"end":{"line":13,"column":3}},"locations":[{"start":{"line":10,"column":5},"end":{"line":13,"column":3}}]}},"b":{"0":[4],"1":[3],"2":[2]},"fnMap":{"0":{"name":"UpdateTransactionUseCase","decl":{"start":{"line":2,"column":2},"end":{"line":4,"column":3}},"loc":{"start":{"line":2,"column":2},"end":{"line":4,"column":3}},"line":2},"1":{"name":"execute","decl":{"start":{"line":6,"column":2},"end":{"line":13,"column":3}},"loc":{"start":{"line":6,"column":2},"end":{"line":13,"column":3}},"line":6}},"f":{"0":4,"1":3}}
,"C:\\Projects\\curso-full-stack-club\\finance-app-api\\src\\use-cases\\user\\create-user.js": {"path":"C:\\Projects\\curso-full-stack-club\\finance-app-api\\src\\use-cases\\user\\create-user.js","all":false,"statementMap":{"0":{"start":{"line":1,"column":0},"end":{"line":1,"column":62}},"1":{"start":{"line":2,"column":0},"end":{"line":2,"column":0}},"2":{"start":{"line":3,"column":0},"end":{"line":3,"column":32}},"3":{"start":{"line":4,"column":0},"end":{"line":4,"column":14}},"4":{"start":{"line":5,"column":0},"end":{"line":5,"column":29}},"5":{"start":{"line":6,"column":0},"end":{"line":6,"column":25}},"6":{"start":{"line":7,"column":0},"end":{"line":7,"column":26}},"7":{"start":{"line":8,"column":0},"end":{"line":8,"column":23}},"8":{"start":{"line":9,"column":0},"end":{"line":9,"column":5}},"9":{"start":{"line":10,"column":0},"end":{"line":10,"column":61}},"10":{"start":{"line":11,"column":0},"end":{"line":11,"column":53}},"11":{"start":{"line":12,"column":0},"end":{"line":12,"column":55}},"12":{"start":{"line":13,"column":0},"end":{"line":13,"column":49}},"13":{"start":{"line":14,"column":0},"end":{"line":14,"column":3}},"14":{"start":{"line":15,"column":0},"end":{"line":15,"column":0}},"15":{"start":{"line":16,"column":0},"end":{"line":16,"column":35}},"16":{"start":{"line":17,"column":0},"end":{"line":17,"column":78}},"17":{"start":{"line":18,"column":0},"end":{"line":18,"column":29}},"18":{"start":{"line":19,"column":0},"end":{"line":19,"column":6}},"19":{"start":{"line":20,"column":0},"end":{"line":20,"column":0}},"20":{"start":{"line":21,"column":0},"end":{"line":21,"column":32}},"21":{"start":{"line":22,"column":0},"end":{"line":22,"column":63}},"22":{"start":{"line":23,"column":0},"end":{"line":23,"column":5}},"23":{"start":{"line":24,"column":0},"end":{"line":24,"column":0}},"24":{"start":{"line":25,"column":0},"end":{"line":25,"column":53}},"25":{"start":{"line":26,"column":0},"end":{"line":26,"column":0}},"26":{"start":{"line":27,"column":0},"end":{"line":27,"column":68}},"27":{"start":{"line":28,"column":0},"end":{"line":28,"column":32}},"28":{"start":{"line":29,"column":0},"end":{"line":29,"column":6}},"29":{"start":{"line":30,"column":0},"end":{"line":30,"column":0}},"30":{"start":{"line":31,"column":0},"end":{"line":31,"column":18}},"31":{"start":{"line":32,"column":0},"end":{"line":32,"column":26}},"32":{"start":{"line":33,"column":0},"end":{"line":33,"column":17}},"33":{"start":{"line":34,"column":0},"end":{"line":34,"column":31}},"34":{"start":{"line":35,"column":0},"end":{"line":35,"column":6}},"35":{"start":{"line":36,"column":0},"end":{"line":36,"column":0}},"36":{"start":{"line":37,"column":0},"end":{"line":37,"column":70}},"37":{"start":{"line":38,"column":0},"end":{"line":38,"column":0}},"38":{"start":{"line":39,"column":0},"end":{"line":39,"column":23}},"39":{"start":{"line":40,"column":0},"end":{"line":40,"column":3}},"40":{"start":{"line":41,"column":0},"end":{"line":41,"column":1}}},"s":{"0":1,"1":1,"2":1,"3":1,"4":9,"5":9,"6":9,"7":9,"8":9,"9":9,"10":9,"11":9,"12":9,"13":9,"14":1,"15":1,"16":8,"17":8,"18":8,"19":7,"20":8,"21":1,"22":1,"23":6,"24":6,"25":6,"26":6,"27":6,"28":6,"29":4,"30":4,"31":4,"32":4,"33":4,"34":4,"35":4,"36":4,"37":3,"38":3,"39":3,"40":1},"branchMap":{"0":{"type":"branch","line":4,"loc":{"start":{"line":4,"column":2},"end":{"line":14,"column":3}},"locations":[{"start":{"line":4,"column":2},"end":{"line":14,"column":3}}]},"1":{"type":"branch","line":16,"loc":{"start":{"line":16,"column":2},"end":{"line":40,"column":3}},"locations":[{"start":{"line":16,"column":2},"end":{"line":40,"column":3}}]},"2":{"type":"branch","line":19,"loc":{"start":{"line":19,"column":5},"end":{"line":21,"column":31}},"locations":[{"start":{"line":19,"column":5},"end":{"line":21,"column":31}}]},"3":{"type":"branch","line":21,"loc":{"start":{"line":21,"column":31},"end":{"line":23,"column":5}},"locations":[{"start":{"line":21,"column":31},"end":{"line":23,"column":5}}]},"4":{"type":"branch","line":23,"loc":{"start":{"line":23,"column":4},"end":{"line":29,"column":6}},"locations":[{"start":{"line":23,"column":4},"end":{"line":29,"column":6}}]},"5":{"type":"branch","line":29,"loc":{"start":{"line":29,"column":5},"end":{"line":37,"column":70}},"locations":[{"start":{"line":29,"column":5},"end":{"line":37,"column":70}}]},"6":{"type":"branch","line":37,"loc":{"start":{"line":37,"column":69},"end":{"line":40,"column":3}},"locations":[{"start":{"line":37,"column":69},"end":{"line":40,"column":3}}]}},"b":{"0":[9],"1":[8],"2":[7],"3":[1],"4":[6],"5":[4],"6":[3]},"fnMap":{"0":{"name":"CreateUserUseCase","decl":{"start":{"line":4,"column":2},"end":{"line":14,"column":3}},"loc":{"start":{"line":4,"column":2},"end":{"line":14,"column":3}},"line":4},"1":{"name":"execute","decl":{"start":{"line":16,"column":2},"end":{"line":40,"column":3}},"loc":{"start":{"line":16,"column":2},"end":{"line":40,"column":3}},"line":16}},"f":{"0":9,"1":8}}
,"C:\\Projects\\curso-full-stack-club\\finance-app-api\\src\\use-cases\\user\\delete-user.js": {"path":"C:\\Projects\\curso-full-stack-club\\finance-app-api\\src\\use-cases\\user\\delete-user.js","all":false,"statementMap":{"0":{"start":{"line":1,"column":0},"end":{"line":1,"column":32}},"1":{"start":{"line":2,"column":0},"end":{"line":2,"column":37}},"2":{"start":{"line":3,"column":0},"end":{"line":3,"column":53}},"3":{"start":{"line":4,"column":0},"end":{"line":4,"column":3}},"4":{"start":{"line":5,"column":0},"end":{"line":5,"column":0}},"5":{"start":{"line":6,"column":0},"end":{"line":6,"column":25}},"6":{"start":{"line":7,"column":0},"end":{"line":7,"column":72}},"7":{"start":{"line":8,"column":0},"end":{"line":8,"column":0}},"8":{"start":{"line":9,"column":0},"end":{"line":9,"column":23}},"9":{"start":{"line":10,"column":0},"end":{"line":10,"column":3}},"10":{"start":{"line":11,"column":0},"end":{"line":11,"column":1}}},"s":{"0":1,"1":1,"2":4,"3":4,"4":1,"5":1,"6":3,"7":2,"8":2,"9":2,"10":1},"branchMap":{"0":{"type":"branch","line":2,"loc":{"start":{"line":2,"column":2},"end":{"line":4,"column":3}},"locations":[{"start":{"line":2,"column":2},"end":{"line":4,"column":3}}]},"1":{"type":"branch","line":6,"loc":{"start":{"line":6,"column":2},"end":{"line":10,"column":3}},"locations":[{"start":{"line":6,"column":2},"end":{"line":10,"column":3}}]},"2":{"type":"branch","line":7,"loc":{"start":{"line":7,"column":71},"end":{"line":10,"column":3}},"locations":[{"start":{"line":7,"column":71},"end":{"line":10,"column":3}}]}},"b":{"0":[4],"1":[3],"2":[2]},"fnMap":{"0":{"name":"DeleteUserUseCase","decl":{"start":{"line":2,"column":2},"end":{"line":4,"column":3}},"loc":{"start":{"line":2,"column":2},"end":{"line":4,"column":3}},"line":2},"1":{"name":"execute","decl":{"start":{"line":6,"column":2},"end":{"line":10,"column":3}},"loc":{"start":{"line":6,"column":2},"end":{"line":10,"column":3}},"line":6}},"f":{"0":4,"1":3}}
,"C:\\Projects\\curso-full-stack-club\\finance-app-api\\src\\use-cases\\user\\get-user-balance.js": {"path":"C:\\Projects\\curso-full-stack-club\\finance-app-api\\src\\use-cases\\user\\get-user-balance.js","all":false,"statementMap":{"0":{"start":{"line":1,"column":0},"end":{"line":1,"column":57}},"1":{"start":{"line":2,"column":0},"end":{"line":2,"column":0}},"2":{"start":{"line":3,"column":0},"end":{"line":3,"column":36}},"3":{"start":{"line":4,"column":0},"end":{"line":4,"column":64}},"4":{"start":{"line":5,"column":0},"end":{"line":5,"column":61}},"5":{"start":{"line":6,"column":0},"end":{"line":6,"column":55}},"6":{"start":{"line":7,"column":0},"end":{"line":7,"column":3}},"7":{"start":{"line":8,"column":0},"end":{"line":8,"column":0}},"8":{"start":{"line":9,"column":0},"end":{"line":9,"column":25}},"9":{"start":{"line":10,"column":0},"end":{"line":10,"column":66}},"10":{"start":{"line":11,"column":0},"end":{"line":11,"column":0}},"11":{"start":{"line":12,"column":0},"end":{"line":12,"column":16}},"12":{"start":{"line":13,"column":0},"end":{"line":13,"column":42}},"13":{"start":{"line":14,"column":0},"end":{"line":14,"column":5}},"14":{"start":{"line":15,"column":0},"end":{"line":15,"column":0}},"15":{"start":{"line":16,"column":0},"end":{"line":16,"column":72}},"16":{"start":{"line":17,"column":0},"end":{"line":17,"column":0}},"17":{"start":{"line":18,"column":0},"end":{"line":18,"column":19}},"18":{"start":{"line":19,"column":0},"end":{"line":19,"column":3}},"19":{"start":{"line":20,"column":0},"end":{"line":20,"column":1}}},"s":{"0":1,"1":1,"2":1,"3":1,"4":1,"5":1,"6":1,"7":1,"8":1,"9":6,"10":5,"11":6,"12":1,"13":1,"14":4,"15":4,"16":3,"17":3,"18":3,"19":1},"branchMap":{"0":{"type":"branch","line":4,"loc":{"start":{"line":4,"column":2},"end":{"line":7,"column":3}},"locations":[{"start":{"line":4,"column":2},"end":{"line":7,"column":3}}]},"1":{"type":"branch","line":9,"loc":{"start":{"line":9,"column":2},"end":{"line":19,"column":3}},"locations":[{"start":{"line":9,"column":2},"end":{"line":19,"column":3}}]},"2":{"type":"branch","line":10,"loc":{"start":{"line":10,"column":65},"end":{"line":12,"column":15}},"locations":[{"start":{"line":10,"column":65},"end":{"line":12,"column":15}}]},"3":{"type":"branch","line":12,"loc":{"start":{"line":12,"column":15},"end":{"line":14,"column":5}},"locations":[{"start":{"line":12,"column":15},"end":{"line":14,"column":5}}]},"4":{"type":"branch","line":14,"loc":{"start":{"line":14,"column":4},"end":{"line":16,"column":72}},"locations":[{"start":{"line":14,"column":4},"end":{"line":16,"column":72}}]},"5":{"type":"branch","line":16,"loc":{"start":{"line":16,"column":71},"end":{"line":19,"column":3}},"locations":[{"start":{"line":16,"column":71},"end":{"line":19,"column":3}}]}},"b":{"0":[1],"1":[6],"2":[5],"3":[1],"4":[4],"5":[3]},"fnMap":{"0":{"name":"GetUserBalanceUseCase","decl":{"start":{"line":4,"column":2},"end":{"line":7,"column":3}},"loc":{"start":{"line":4,"column":2},"end":{"line":7,"column":3}},"line":4},"1":{"name":"execute","decl":{"start":{"line":9,"column":2},"end":{"line":19,"column":3}},"loc":{"start":{"line":9,"column":2},"end":{"line":19,"column":3}},"line":9}},"f":{"0":1,"1":6}}
,"C:\\Projects\\curso-full-stack-club\\finance-app-api\\src\\use-cases\\user\\get-user-by-id.js": {"path":"C:\\Projects\\curso-full-stack-club\\finance-app-api\\src\\use-cases\\user\\get-user-by-id.js","all":false,"statementMap":{"0":{"start":{"line":1,"column":0},"end":{"line":1,"column":33}},"1":{"start":{"line":2,"column":0},"end":{"line":2,"column":38}},"2":{"start":{"line":3,"column":0},"end":{"line":3,"column":55}},"3":{"start":{"line":4,"column":0},"end":{"line":4,"column":3}},"4":{"start":{"line":5,"column":0},"end":{"line":5,"column":25}},"5":{"start":{"line":6,"column":0},"end":{"line":6,"column":66}},"6":{"start":{"line":7,"column":0},"end":{"line":7,"column":0}},"7":{"start":{"line":8,"column":0},"end":{"line":8,"column":16}},"8":{"start":{"line":9,"column":0},"end":{"line":9,"column":3}},"9":{"start":{"line":10,"column":0},"end":{"line":10,"column":1}}},"s":{"0":1,"1":1,"2":4,"3":4,"4":1,"5":3,"6":2,"7":2,"8":2,"9":1},"branchMap":{"0":{"type":"branch","line":2,"loc":{"start":{"line":2,"column":2},"end":{"line":4,"column":3}},"locations":[{"start":{"line":2,"column":2},"end":{"line":4,"column":3}}]},"1":{"type":"branch","line":5,"loc":{"start":{"line":5,"column":2},"end":{"line":9,"column":3}},"locations":[{"start":{"line":5,"column":2},"end":{"line":9,"column":3}}]},"2":{"type":"branch","line":6,"loc":{"start":{"line":6,"column":65},"end":{"line":9,"column":3}},"locations":[{"start":{"line":6,"column":65},"end":{"line":9,"column":3}}]}},"b":{"0":[4],"1":[3],"2":[2]},"fnMap":{"0":{"name":"GetUserByIdUseCase","decl":{"start":{"line":2,"column":2},"end":{"line":4,"column":3}},"loc":{"start":{"line":2,"column":2},"end":{"line":4,"column":3}},"line":2},"1":{"name":"execute","decl":{"start":{"line":5,"column":2},"end":{"line":9,"column":3}},"loc":{"start":{"line":5,"column":2},"end":{"line":9,"column":3}},"line":5}},"f":{"0":4,"1":3}}
,"C:\\Projects\\curso-full-stack-club\\finance-app-api\\src\\use-cases\\user\\update-user.js": {"path":"C:\\Projects\\curso-full-stack-club\\finance-app-api\\src\\use-cases\\user\\update-user.js","all":false,"statementMap":{"0":{"start":{"line":1,"column":0},"end":{"line":1,"column":62}},"1":{"start":{"line":2,"column":0},"end":{"line":2,"column":0}},"2":{"start":{"line":3,"column":0},"end":{"line":3,"column":32}},"3":{"start":{"line":4,"column":0},"end":{"line":4,"column":14}},"4":{"start":{"line":5,"column":0},"end":{"line":5,"column":29}},"5":{"start":{"line":6,"column":0},"end":{"line":6,"column":25}},"6":{"start":{"line":7,"column":0},"end":{"line":7,"column":26}},"7":{"start":{"line":8,"column":0},"end":{"line":8,"column":5}},"8":{"start":{"line":9,"column":0},"end":{"line":9,"column":61}},"9":{"start":{"line":10,"column":0},"end":{"line":10,"column":53}},"10":{"start":{"line":11,"column":0},"end":{"line":11,"column":55}},"11":{"start":{"line":12,"column":0},"end":{"line":12,"column":3}},"12":{"start":{"line":13,"column":0},"end":{"line":13,"column":0}},"13":{"start":{"line":14,"column":0},"end":{"line":14,"column":43}},"14":{"start":{"line":15,"column":0},"end":{"line":15,"column":33}},"15":{"start":{"line":16,"column":0},"end":{"line":16,"column":80}},"16":{"start":{"line":17,"column":0},"end":{"line":17,"column":31}},"17":{"start":{"line":18,"column":0},"end":{"line":18,"column":8}},"18":{"start":{"line":19,"column":0},"end":{"line":19,"column":0}},"19":{"start":{"line":20,"column":0},"end":{"line":20,"column":73}},"20":{"start":{"line":21,"column":0},"end":{"line":21,"column":65}},"21":{"start":{"line":22,"column":0},"end":{"line":22,"column":7}},"22":{"start":{"line":23,"column":0},"end":{"line":23,"column":5}},"23":{"start":{"line":24,"column":0},"end":{"line":24,"column":0}},"24":{"start":{"line":25,"column":0},"end":{"line":25,"column":41}},"25":{"start":{"line":26,"column":0},"end":{"line":26,"column":0}},"26":{"start":{"line":27,"column":0},"end":{"line":27,"column":36}},"27":{"start":{"line":28,"column":0},"end":{"line":28,"column":70}},"28":{"start":{"line":29,"column":0},"end":{"line":29,"column":34}},"29":{"start":{"line":30,"column":0},"end":{"line":30,"column":8}},"30":{"start":{"line":31,"column":0},"end":{"line":31,"column":0}},"31":{"start":{"line":32,"column":0},"end":{"line":32,"column":37}},"32":{"start":{"line":33,"column":0},"end":{"line":33,"column":5}},"33":{"start":{"line":34,"column":0},"end":{"line":34,"column":0}},"34":{"start":{"line":35,"column":0},"end":{"line":35,"column":78}},"35":{"start":{"line":36,"column":0},"end":{"line":36,"column":0}},"36":{"start":{"line":37,"column":0},"end":{"line":37,"column":23}},"37":{"start":{"line":38,"column":0},"end":{"line":38,"column":3}},"38":{"start":{"line":39,"column":0},"end":{"line":39,"column":1}}},"s":{"0":1,"1":1,"2":1,"3":1,"4":9,"5":9,"6":9,"7":9,"8":9,"9":9,"10":9,"11":9,"12":1,"13":1,"14":8,"15":5,"16":5,"17":5,"18":4,"19":5,"20":1,"21":1,"22":5,"23":6,"24":6,"25":6,"26":8,"27":4,"28":4,"29":4,"30":3,"31":3,"32":3,"33":5,"34":5,"35":4,"36":4,"37":4,"38":1},"branchMap":{"0":{"type":"branch","line":4,"loc":{"start":{"line":4,"column":2},"end":{"line":12,"column":3}},"locations":[{"start":{"line":4,"column":2},"end":{"line":12,"column":3}}]},"1":{"type":"branch","line":14,"loc":{"start":{"line":14,"column":2},"end":{"line":38,"column":3}},"locations":[{"start":{"line":14,"column":2},"end":{"line":38,"column":3}}]},"2":{"type":"branch","line":15,"loc":{"start":{"line":15,"column":32},"end":{"line":23,"column":5}},"locations":[{"start":{"line":15,"column":32},"end":{"line":23,"column":5}}]},"3":{"type":"branch","line":18,"loc":{"start":{"line":18,"column":7},"end":{"line":20,"column":35}},"locations":[{"start":{"line":18,"column":7},"end":{"line":20,"column":35}}]},"4":{"type":"branch","line":20,"loc":{"start":{"line":20,"column":31},"end":{"line":20,"column":70}},"locations":[{"start":{"line":20,"column":31},"end":{"line":20,"column":70}}]},"5":{"type":"branch","line":20,"loc":{"start":{"line":20,"column":72},"end":{"line":22,"column":7}},"locations":[{"start":{"line":20,"column":72},"end":{"line":22,"column":7}}]},"6":{"type":"branch","line":23,"loc":{"start":{"line":23,"column":4},"end":{"line":27,"column":35}},"locations":[{"start":{"line":23,"column":4},"end":{"line":27,"column":35}}]},"7":{"type":"branch","line":27,"loc":{"start":{"line":27,"column":35},"end":{"line":33,"column":5}},"locations":[{"start":{"line":27,"column":35},"end":{"line":33,"column":5}}]},"8":{"type":"branch","line":30,"loc":{"start":{"line":30,"column":7},"end":{"line":33,"column":5}},"locations":[{"start":{"line":30,"column":7},"end":{"line":33,"column":5}}]},"9":{"type":"branch","line":33,"loc":{"start":{"line":33,"column":4},"end":{"line":35,"column":78}},"locations":[{"start":{"line":33,"column":4},"end":{"line":35,"column":78}}]},"10":{"type":"branch","line":35,"loc":{"start":{"line":35,"column":77},"end":{"line":38,"column":3}},"locations":[{"start":{"line":35,"column":77},"end":{"line":38,"column":3}}]}},"b":{"0":[9],"1":[8],"2":[5],"3":[4],"4":[1],"5":[1],"6":[6],"7":[4],"8":[3],"9":[5],"10":[4]},"fnMap":{"0":{"name":"UpdateUserUseCase","decl":{"start":{"line":4,"column":2},"end":{"line":12,"column":3}},"loc":{"start":{"line":4,"column":2},"end":{"line":12,"column":3}},"line":4},"1":{"name":"execute","decl":{"start":{"line":14,"column":2},"end":{"line":38,"column":3}},"loc":{"start":{"line":14,"column":2},"end":{"line":38,"column":3}},"line":14}},"f":{"0":9,"1":8}}
}
