TN:
SF:src\app.js
FN:1,(empty-report)
FNF:1
FNH:0
FNDA:0,(empty-report)
DA:1,0
DA:2,0
DA:3,0
DA:4,0
DA:5,0
DA:6,0
DA:7,0
DA:8,0
DA:9,0
DA:10,0
DA:11,0
DA:12,0
DA:13,0
DA:14,0
DA:15,0
DA:16,0
DA:17,0
DA:18,0
DA:19,0
DA:20,0
DA:21,0
LF:21
LH:0
BRDA:1,0,0,0
BRF:1
BRH:0
end_of_record
TN:
SF:src\adapters\id-generator.js
FN:4,execute
FNF:1
FNH:1
FNDA:1,execute
DA:1,1
DA:2,1
DA:3,1
DA:4,1
DA:5,1
DA:6,1
DA:7,1
LF:7
LH:7
BRDA:4,0,0,1
BRF:1
BRH:1
end_of_record
TN:
SF:src\adapters\index.js
FN:1,get
FN:2,get
FNF:2
FNH:2
FNDA:2,get
FNDA:2,get
DA:1,2
DA:2,2
LF:2
LH:2
BRDA:1,0,0,2
BRDA:1,1,0,0
BRDA:1,2,0,0
BRDA:1,3,0,0
BRDA:1,4,0,2
BRDA:2,5,0,2
BRDA:2,6,0,0
BRDA:2,7,0,0
BRDA:2,8,0,0
BRDA:2,9,0,2
BRF:10
BRH:4
end_of_record
TN:
SF:src\adapters\password-hasher.js
FN:4,execute
FNF:1
FNH:1
FNDA:1,execute
DA:1,1
DA:2,1
DA:3,1
DA:4,1
DA:5,1
DA:6,1
DA:7,1
LF:7
LH:7
BRDA:4,0,0,1
BRF:1
BRH:1
end_of_record
TN:
SF:src\controllers\index.js
FN:1,get
FN:2,get
FN:3,get
FN:4,get
FN:5,get
FN:7,get
FN:8,get
FN:9,get
FN:10,get
FNF:9
FNH:9
FNDA:2,get
FNDA:2,get
FNDA:2,get
FNDA:2,get
FNDA:2,get
FNDA:2,get
FNDA:2,get
FNDA:2,get
FNDA:2,get
DA:1,2
DA:2,2
DA:3,2
DA:4,2
DA:5,2
DA:6,1
DA:7,2
DA:8,2
DA:9,2
DA:10,2
LF:10
LH:10
BRDA:1,0,0,2
BRDA:1,1,0,0
BRDA:1,2,0,0
BRDA:1,3,0,0
BRDA:1,4,0,2
BRDA:2,5,0,2
BRDA:2,6,0,0
BRDA:2,7,0,0
BRDA:2,8,0,0
BRDA:2,9,0,2
BRDA:3,10,0,2
BRDA:3,11,0,0
BRDA:3,12,0,0
BRDA:3,13,0,0
BRDA:3,14,0,2
BRDA:4,15,0,2
BRDA:4,16,0,0
BRDA:4,17,0,0
BRDA:4,18,0,0
BRDA:4,19,0,2
BRDA:5,20,0,2
BRDA:5,21,0,0
BRDA:5,22,0,0
BRDA:5,23,0,0
BRDA:5,24,0,2
BRDA:7,25,0,2
BRDA:7,26,0,0
BRDA:7,27,0,0
BRDA:7,28,0,0
BRDA:7,29,0,2
BRDA:8,30,0,2
BRDA:8,31,0,0
BRDA:8,32,0,0
BRDA:8,33,0,0
BRDA:8,34,0,2
BRDA:9,35,0,2
BRDA:9,36,0,0
BRDA:9,37,0,0
BRDA:9,38,0,0
BRDA:9,39,0,2
BRDA:10,40,0,2
BRDA:10,41,0,0
BRDA:10,42,0,0
BRDA:10,43,0,0
BRDA:10,44,0,2
BRF:45
BRH:18
end_of_record
TN:
SF:src\controllers\helpers\http.js
FN:1,badRequest
FN:6,created
FN:11,serverError
FN:18,ok
FN:23,notFound
FNF:5
FNH:5
FNDA:17,badRequest
FNDA:6,created
FNDA:6,serverError
FNDA:10,ok
FNDA:5,notFound
DA:1,1
DA:2,17
DA:3,17
DA:4,1
DA:5,1
DA:6,1
DA:7,6
DA:8,6
DA:9,1
DA:10,1
DA:11,1
DA:12,6
DA:13,6
DA:14,6
DA:15,6
DA:16,1
DA:17,1
DA:18,1
DA:19,10
DA:20,10
DA:21,1
DA:22,1
DA:23,1
DA:24,5
DA:25,5
DA:26,1
LF:26
LH:26
BRDA:1,0,0,17
BRDA:6,1,0,6
BRDA:11,2,0,6
BRDA:18,3,0,10
BRDA:23,4,0,5
BRF:5
BRH:5
end_of_record
TN:
SF:src\controllers\helpers\index.js
FN:1,get
FN:2,get
FN:3,get
FN:4,get
FNF:4
FNH:4
FNDA:31,get
FNDA:3,get
FNDA:34,get
FNDA:2,get
DA:1,31
DA:2,3
DA:3,34
DA:4,2
LF:4
LH:4
BRDA:1,0,0,35
BRDA:1,1,0,0
BRDA:1,2,0,0
BRDA:1,3,0,0
BRDA:1,4,0,31
BRDA:2,5,0,7
BRDA:2,6,0,0
BRDA:2,7,0,0
BRDA:2,8,0,0
BRDA:2,9,0,3
BRDA:3,10,0,21
BRDA:3,11,0,0
BRDA:3,12,0,0
BRDA:3,13,0,0
BRDA:3,14,0,34
BRDA:4,15,0,7
BRDA:4,16,0,0
BRDA:4,17,0,0
BRDA:4,18,0,0
BRDA:4,19,0,2
BRF:20
BRH:8
end_of_record
TN:
SF:src\controllers\helpers\transaction.js
FN:3,transactionNotFoundResponse
FNF:1
FNH:1
FNDA:2,transactionNotFoundResponse
DA:1,1
DA:2,1
DA:3,1
DA:4,1
LF:4
LH:4
BRDA:3,0,0,2
BRF:1
BRH:1
end_of_record
TN:
SF:src\controllers\helpers\user.js
FN:2,userNotFoundResponse
FNF:1
FNH:1
FNDA:3,userNotFoundResponse
DA:1,1
DA:2,1
DA:3,1
LF:3
LH:3
BRDA:2,0,0,3
BRF:1
BRH:1
end_of_record
TN:
SF:src\controllers\helpers\validation.js
FN:4,checkIfIdIsValid
FN:6,invalidIdResponse
FN:11,requiredFieldIsMissingResponse
FNF:3
FNH:3
FNDA:28,checkIfIdIsValid
FNDA:5,invalidIdResponse
FNDA:1,requiredFieldIsMissingResponse
DA:1,1
DA:2,1
DA:3,1
DA:4,1
DA:5,1
DA:6,1
DA:7,5
DA:8,5
DA:9,1
DA:10,1
DA:11,1
DA:12,1
DA:13,1
DA:14,1
LF:14
LH:14
BRDA:4,0,0,28
BRDA:6,1,0,5
BRDA:11,2,0,1
BRF:3
BRH:3
end_of_record
TN:
SF:src\controllers\transaction\create-transaction.js
FN:12,CreateTransactionController
FN:16,execute
FNF:2
FNH:2
FNDA:14,CreateTransactionController
FNDA:13,execute
DA:1,1
DA:2,1
DA:3,1
DA:4,1
DA:5,1
DA:6,1
DA:7,1
DA:8,1
DA:9,1
DA:10,1
DA:11,1
DA:12,1
DA:13,14
DA:14,14
DA:15,1
DA:16,1
DA:17,13
DA:18,13
DA:19,13
DA:20,13
DA:21,5
DA:22,5
DA:23,4
DA:24,4
DA:25,13
DA:26,9
DA:27,8
DA:28,8
DA:29,8
DA:30,8
DA:31,1
DA:32,9
DA:33,0
DA:34,0
DA:35,1
DA:36,1
DA:37,1
DA:38,1
DA:39,13
DA:40,1
LF:40
LH:38
BRDA:12,0,0,14
BRDA:16,1,0,13
BRDA:20,2,0,5
BRDA:22,3,0,4
BRDA:25,4,0,9
BRDA:26,5,0,8
BRDA:30,6,0,1
BRDA:32,7,0,0
BRDA:34,8,0,1
BRF:9
BRH:8
end_of_record
TN:
SF:src\controllers\transaction\delete-transaction.js
FN:11,DeleteTransactionController
FN:15,execute
FNF:2
FNH:2
FNDA:1,DeleteTransactionController
FNDA:5,execute
DA:1,1
DA:2,1
DA:3,1
DA:4,1
DA:5,1
DA:6,1
DA:7,1
DA:8,1
DA:9,1
DA:10,1
DA:11,1
DA:12,1
DA:13,1
DA:14,1
DA:15,1
DA:16,5
DA:17,5
DA:18,5
DA:19,5
DA:20,1
DA:21,1
DA:22,4
DA:23,4
DA:24,4
DA:25,4
DA:26,2
DA:27,2
DA:28,2
DA:29,2
DA:30,1
DA:31,1
DA:32,1
DA:33,1
DA:34,1
DA:35,1
DA:36,1
DA:37,5
DA:38,1
LF:38
LH:38
BRDA:11,0,0,1
BRDA:15,1,0,5
BRDA:19,2,0,1
BRDA:21,3,0,4
BRDA:25,4,0,2
BRDA:29,5,0,1
BRF:6
BRH:6
end_of_record
TN:
SF:src\controllers\transaction\get-transaction-by-user-id.js
FN:12,GetTransactionsByUserIdController
FN:16,execute
FNF:2
FNH:2
FNDA:7,GetTransactionsByUserIdController
FNDA:6,execute
DA:1,1
DA:2,1
DA:3,1
DA:4,1
DA:5,1
DA:6,1
DA:7,1
DA:8,1
DA:9,1
DA:10,1
DA:11,1
DA:12,1
DA:13,7
DA:14,7
DA:15,1
DA:16,1
DA:17,6
DA:18,6
DA:19,6
DA:20,6
DA:21,1
DA:22,1
DA:23,5
DA:24,5
DA:25,5
DA:26,6
DA:27,1
DA:28,1
DA:29,4
DA:30,4
DA:31,4
DA:32,2
DA:33,2
DA:34,2
DA:35,2
DA:36,2
DA:37,2
DA:38,1
DA:39,1
DA:40,1
DA:41,1
DA:42,1
DA:43,6
DA:44,1
LF:44
LH:44
BRDA:12,0,0,7
BRDA:16,1,0,6
BRDA:20,2,0,1
BRDA:22,3,0,5
BRDA:26,4,0,1
BRDA:28,5,0,4
BRDA:31,6,0,2
BRDA:37,7,0,1
BRF:8
BRH:8
end_of_record
TN:
SF:src\controllers\transaction\update-transaction.js
FN:14,UpdateTransactionController
FN:17,execute
FNF:2
FNH:2
FNDA:9,UpdateTransactionController
FNDA:8,execute
DA:1,1
DA:2,1
DA:3,1
DA:4,1
DA:5,1
DA:6,1
DA:7,1
DA:8,1
DA:9,1
DA:10,1
DA:11,1
DA:12,1
DA:13,1
DA:14,1
DA:15,9
DA:16,9
DA:17,1
DA:18,8
DA:19,8
DA:20,8
DA:21,8
DA:22,1
DA:23,1
DA:24,7
DA:25,7
DA:26,7
DA:27,7
DA:28,4
DA:29,4
DA:30,4
DA:31,4
DA:32,4
DA:33,2
DA:34,2
DA:35,8
DA:36,5
DA:37,3
DA:38,3
DA:39,3
DA:40,3
DA:41,2
DA:42,5
DA:43,1
DA:44,1
DA:45,1
DA:46,1
DA:47,1
DA:48,1
DA:49,1
DA:50,8
DA:51,1
LF:51
LH:51
BRDA:14,0,0,9
BRDA:17,1,0,8
BRDA:21,2,0,1
BRDA:23,3,0,7
BRDA:27,4,0,4
BRDA:32,5,0,2
BRDA:35,6,0,5
BRDA:36,7,0,3
BRDA:40,8,0,2
BRDA:42,9,0,1
BRF:10
BRH:10
end_of_record
TN:
SF:src\controllers\user\create-user.js
FN:7,CreateUserController
FN:11,execute
FNF:2
FNH:2
FNDA:11,CreateUserController
FNDA:10,execute
DA:1,1
DA:2,1
DA:3,1
DA:4,1
DA:5,1
DA:6,1
DA:7,1
DA:8,11
DA:9,11
DA:10,1
DA:11,1
DA:12,10
DA:13,10
DA:14,10
DA:15,10
DA:16,4
DA:17,4
DA:18,2
DA:19,2
DA:20,10
DA:21,8
DA:22,6
DA:23,6
DA:24,6
DA:25,6
DA:26,2
DA:27,8
DA:28,1
DA:29,1
DA:30,1
DA:31,1
DA:32,1
DA:33,1
DA:34,10
DA:35,1
LF:35
LH:35
BRDA:7,0,0,11
BRDA:11,1,0,10
BRDA:15,2,0,4
BRDA:17,3,0,2
BRDA:20,4,0,8
BRDA:21,5,0,6
BRDA:25,6,0,2
BRDA:27,7,0,1
BRF:8
BRH:8
end_of_record
TN:
SF:src\controllers\user\delete-user.js
FN:11,DeleteUserController
FN:15,execute
FNF:2
FNH:2
FNDA:6,DeleteUserController
FNDA:5,execute
DA:1,1
DA:2,1
DA:3,1
DA:4,1
DA:5,1
DA:6,1
DA:7,1
DA:8,1
DA:9,1
DA:10,1
DA:11,1
DA:12,6
DA:13,6
DA:14,1
DA:15,1
DA:16,5
DA:17,5
DA:18,5
DA:19,5
DA:20,5
DA:21,5
DA:22,1
DA:23,1
DA:24,4
DA:25,4
DA:26,2
DA:27,2
DA:28,2
DA:29,2
DA:30,1
DA:31,1
DA:32,1
DA:33,1
DA:34,1
DA:35,1
DA:36,5
DA:37,1
LF:37
LH:37
BRDA:11,0,0,6
BRDA:15,1,0,5
BRDA:21,2,0,1
BRDA:23,3,0,4
BRDA:25,4,0,2
BRDA:29,5,0,1
BRF:6
BRH:6
end_of_record
TN:
SF:src\controllers\user\get-user-balance.js
FN:11,GetUserBalanceController
FN:15,execute
FNF:2
FNH:2
FNDA:6,GetUserBalanceController
FNDA:5,execute
DA:1,1
DA:2,1
DA:3,1
DA:4,1
DA:5,1
DA:6,1
DA:7,1
DA:8,1
DA:9,1
DA:10,1
DA:11,1
DA:12,6
DA:13,6
DA:14,1
DA:15,1
DA:16,5
DA:17,5
DA:18,5
DA:19,5
DA:20,5
DA:21,5
DA:22,1
DA:23,1
DA:24,4
DA:25,4
DA:26,2
DA:27,2
DA:28,2
DA:29,2
DA:30,1
DA:31,1
DA:32,1
DA:33,1
DA:34,1
DA:35,1
DA:36,1
DA:37,5
DA:38,1
LF:38
LH:38
BRDA:11,0,0,6
BRDA:15,1,0,5
BRDA:21,2,0,1
BRDA:23,3,0,4
BRDA:25,4,0,2
BRDA:29,5,0,1
BRF:6
BRH:6
end_of_record
TN:
SF:src\controllers\user\get-user-by-id.js
FN:10,GetUserByIdController
FN:14,execute
FNF:2
FNH:2
FNDA:6,GetUserByIdController
FNDA:5,execute
DA:1,1
DA:2,1
DA:3,1
DA:4,1
DA:5,1
DA:6,1
DA:7,1
DA:8,1
DA:9,1
DA:10,1
DA:11,6
DA:12,6
DA:13,1
DA:14,1
DA:15,5
DA:16,5
DA:17,5
DA:18,5
DA:19,1
DA:20,1
DA:21,4
DA:22,4
DA:23,4
DA:24,4
DA:25,3
DA:26,5
DA:27,1
DA:28,1
DA:29,2
DA:30,2
DA:31,5
DA:32,1
DA:33,1
DA:34,1
DA:35,5
DA:36,1
LF:36
LH:36
BRDA:10,0,0,6
BRDA:14,1,0,5
BRDA:18,2,0,1
BRDA:20,3,0,4
BRDA:24,4,0,3
BRDA:26,5,0,1
BRDA:28,6,0,2
BRDA:31,7,0,1
BRF:8
BRH:8
end_of_record
TN:
SF:src\controllers\user\update-user.js
FN:17,UpdateUserController
FN:21,execute
FNF:2
FNH:2
FNDA:10,UpdateUserController
FNDA:9,execute
DA:1,1
DA:2,1
DA:3,1
DA:4,1
DA:5,1
DA:6,1
DA:7,1
DA:8,1
DA:9,1
DA:10,1
DA:11,1
DA:12,1
DA:13,1
DA:14,1
DA:15,1
DA:16,1
DA:17,1
DA:18,10
DA:19,10
DA:20,1
DA:21,1
DA:22,9
DA:23,9
DA:24,9
DA:25,9
DA:26,9
DA:27,9
DA:28,1
DA:29,1
DA:30,8
DA:31,8
DA:32,8
DA:33,8
DA:34,5
DA:35,5
DA:36,2
DA:37,2
DA:38,9
DA:39,6
DA:40,3
DA:41,3
DA:42,3
DA:43,3
DA:44,3
DA:45,6
DA:46,1
DA:47,1
DA:48,2
DA:49,6
DA:50,1
DA:51,1
DA:52,1
DA:53,1
DA:54,1
DA:55,1
DA:56,9
DA:57,1
LF:57
LH:57
BRDA:17,0,0,10
BRDA:21,1,0,9
BRDA:27,2,0,1
BRDA:29,3,0,8
BRDA:33,4,0,5
BRDA:35,5,0,2
BRDA:38,6,0,6
BRDA:39,7,0,3
BRDA:45,8,0,1
BRDA:47,9,0,2
BRDA:49,10,0,1
BRF:11
BRH:11
end_of_record
TN:
SF:src\errors\index.js
FN:1,get
FN:2,get
FNF:2
FNH:2
FNDA:2,get
FNDA:4,get
DA:1,2
DA:2,4
LF:2
LH:2
BRDA:1,0,0,12
BRDA:1,1,0,0
BRDA:1,2,0,0
BRDA:1,3,0,0
BRDA:1,4,0,2
BRDA:2,5,0,6
BRDA:2,6,0,0
BRDA:2,7,0,0
BRDA:2,8,0,0
BRDA:2,9,0,4
BRF:10
BRH:4
end_of_record
TN:
SF:src\errors\transaction.js
FN:2,TransactionNotFoundError
FNF:1
FNH:1
FNDA:4,TransactionNotFoundError
DA:1,1
DA:2,1
DA:3,4
DA:4,4
DA:5,4
DA:6,1
LF:6
LH:6
BRDA:2,0,0,4
BRF:1
BRH:1
end_of_record
TN:
SF:src\errors\user.js
FN:2,EmailAlreadyInUseError
FN:9,UserNotFoundError
FNF:2
FNH:2
FNDA:6,EmailAlreadyInUseError
FNDA:11,UserNotFoundError
DA:1,1
DA:2,1
DA:3,6
DA:4,6
DA:5,6
DA:6,1
DA:7,1
DA:8,1
DA:9,1
DA:10,11
DA:11,11
DA:12,11
DA:13,1
LF:13
LH:13
BRDA:2,0,0,6
BRDA:9,1,0,11
BRF:2
BRH:2
end_of_record
TN:
SF:src\factories\controllers\transaction.js
FN:22,makeCreateTransactionController
FN:41,makeGetTransactionsByUserIdController
FN:58,makeUpdateTransactionController
FN:72,makeDeleteTransactionController
FNF:4
FNH:4
FNDA:1,makeCreateTransactionController
FNDA:1,makeGetTransactionsByUserIdController
FNDA:1,makeUpdateTransactionController
FNDA:1,makeDeleteTransactionController
DA:1,1
DA:2,1
DA:3,1
DA:4,1
DA:5,1
DA:6,1
DA:7,1
DA:8,1
DA:9,1
DA:10,1
DA:11,1
DA:12,1
DA:13,1
DA:14,1
DA:15,1
DA:16,1
DA:17,1
DA:18,1
DA:19,1
DA:20,1
DA:21,1
DA:22,1
DA:23,1
DA:24,1
DA:25,1
DA:26,1
DA:27,1
DA:28,1
DA:29,1
DA:30,1
DA:31,1
DA:32,1
DA:33,1
DA:34,1
DA:35,1
DA:36,1
DA:37,1
DA:38,1
DA:39,1
DA:40,1
DA:41,1
DA:42,1
DA:43,1
DA:44,1
DA:45,1
DA:46,1
DA:47,1
DA:48,1
DA:49,1
DA:50,1
DA:51,1
DA:52,1
DA:53,1
DA:54,1
DA:55,1
DA:56,1
DA:57,1
DA:58,1
DA:59,1
DA:60,1
DA:61,1
DA:62,1
DA:63,1
DA:64,1
DA:65,1
DA:66,1
DA:67,1
DA:68,1
DA:69,1
DA:70,1
DA:71,1
DA:72,1
DA:73,1
DA:74,1
DA:75,1
DA:76,1
DA:77,1
DA:78,1
DA:79,1
DA:80,1
DA:81,1
DA:82,1
DA:83,1
DA:84,1
LF:84
LH:84
BRDA:22,0,0,1
BRDA:41,1,0,1
BRDA:58,2,0,1
BRDA:72,3,0,1
BRF:4
BRH:4
end_of_record
TN:
SF:src\factories\controllers\user.js
FN:28,makeGetUserByIdController
FN:38,makeCreateUserController
FN:56,makeUpdateUserController
FN:72,makeDeleteUserController
FN:82,makeGetUserBalanceController
FNF:5
FNH:5
FNDA:1,makeGetUserByIdController
FNDA:1,makeCreateUserController
FNDA:1,makeUpdateUserController
FNDA:1,makeDeleteUserController
FNDA:1,makeGetUserBalanceController
DA:1,1
DA:2,1
DA:3,1
DA:4,1
DA:5,1
DA:6,1
DA:7,1
DA:8,1
DA:9,1
DA:10,1
DA:11,1
DA:12,1
DA:13,1
DA:14,1
DA:15,1
DA:16,1
DA:17,1
DA:18,1
DA:19,1
DA:20,1
DA:21,1
DA:22,1
DA:23,1
DA:24,1
DA:25,1
DA:26,1
DA:27,1
DA:28,1
DA:29,1
DA:30,1
DA:31,1
DA:32,1
DA:33,1
DA:34,1
DA:35,1
DA:36,1
DA:37,1
DA:38,1
DA:39,1
DA:40,1
DA:41,1
DA:42,1
DA:43,1
DA:44,1
DA:45,1
DA:46,1
DA:47,1
DA:48,1
DA:49,1
DA:50,1
DA:51,1
DA:52,1
DA:53,1
DA:54,1
DA:55,1
DA:56,1
DA:57,1
DA:58,1
DA:59,1
DA:60,1
DA:61,1
DA:62,1
DA:63,1
DA:64,1
DA:65,1
DA:66,1
DA:67,1
DA:68,1
DA:69,1
DA:70,1
DA:71,1
DA:72,1
DA:73,1
DA:74,1
DA:75,1
DA:76,1
DA:77,1
DA:78,1
DA:79,1
DA:80,1
DA:81,1
DA:82,1
DA:83,1
DA:84,1
DA:85,1
DA:86,1
DA:87,1
DA:88,1
DA:89,1
DA:90,1
DA:91,1
DA:92,1
DA:93,1
DA:94,1
DA:95,1
DA:96,1
LF:96
LH:96
BRDA:28,0,0,1
BRDA:38,1,0,1
BRDA:56,2,0,1
BRDA:72,3,0,1
BRDA:82,4,0,1
BRF:5
BRH:5
end_of_record
TN:
SF:src\repositories\postgres\index.js
FN:1,get
FN:2,get
FN:3,get
FN:4,get
FN:5,get
FN:6,get
FN:8,get
FN:9,get
FN:10,get
FN:11,get
FNF:10
FNH:10
FNDA:1,get
FNDA:1,get
FNDA:4,get
FNDA:2,get
FNDA:1,get
FNDA:1,get
FNDA:1,get
FNDA:1,get
FNDA:1,get
FNDA:1,get
DA:1,1
DA:2,1
DA:3,4
DA:4,2
DA:5,1
DA:6,1
DA:7,1
DA:8,1
DA:9,1
DA:10,1
DA:11,1
LF:11
LH:11
BRDA:1,0,0,2
BRDA:1,1,0,0
BRDA:1,2,0,0
BRDA:1,3,0,0
BRDA:1,4,0,1
BRDA:2,5,0,2
BRDA:2,6,0,0
BRDA:2,7,0,0
BRDA:2,8,0,0
BRDA:2,9,0,1
BRDA:3,10,0,2
BRDA:3,11,0,0
BRDA:3,12,0,0
BRDA:3,13,0,0
BRDA:3,14,0,4
BRDA:4,15,0,2
BRDA:4,16,0,0
BRDA:4,17,0,0
BRDA:4,18,0,0
BRDA:4,19,0,2
BRDA:5,20,0,2
BRDA:5,21,0,0
BRDA:5,22,0,0
BRDA:5,23,0,0
BRDA:5,24,0,1
BRDA:6,25,0,2
BRDA:6,26,0,0
BRDA:6,27,0,0
BRDA:6,28,0,0
BRDA:6,29,0,1
BRDA:8,30,0,2
BRDA:8,31,0,0
BRDA:8,32,0,0
BRDA:8,33,0,0
BRDA:8,34,0,1
BRDA:9,35,0,2
BRDA:9,36,0,0
BRDA:9,37,0,0
BRDA:9,38,0,0
BRDA:9,39,0,1
BRDA:10,40,0,2
BRDA:10,41,0,0
BRDA:10,42,0,0
BRDA:10,43,0,0
BRDA:10,44,0,1
BRDA:11,45,0,2
BRDA:11,46,0,0
BRDA:11,47,0,0
BRDA:11,48,0,0
BRDA:11,49,0,1
BRF:50
BRH:20
end_of_record
TN:
SF:src\repositories\postgres\transaction\create-transaction.js
FN:4,execute
FNF:1
FNH:1
FNDA:3,execute
DA:1,1
DA:2,1
DA:3,1
DA:4,1
DA:5,3
DA:6,3
DA:7,3
DA:8,3
DA:9,1
LF:9
LH:9
BRDA:4,0,0,3
BRF:1
BRH:1
end_of_record
TN:
SF:src\repositories\postgres\transaction\delete-transaction.js
FN:6,execute
FNF:1
FNH:1
FNDA:2,execute
DA:1,1
DA:2,1
DA:3,1
DA:4,1
DA:5,1
DA:6,1
DA:7,2
DA:8,2
DA:9,2
DA:10,2
DA:11,2
DA:12,2
DA:13,2
DA:14,2
DA:15,1
DA:16,1
DA:17,1
DA:18,1
DA:19,1
DA:20,1
DA:21,1
DA:22,1
DA:23,2
DA:24,1
LF:24
LH:24
BRDA:6,0,0,2
BRDA:14,1,0,1
BRF:2
BRH:2
end_of_record
TN:
SF:src\repositories\postgres\transaction\get-transaction-by-user-id.js
FN:4,execute
FNF:1
FNH:0
FNDA:0,execute
DA:1,1
DA:2,1
DA:3,1
DA:4,1
DA:5,0
DA:6,0
DA:7,0
DA:8,0
DA:9,0
DA:10,0
DA:11,1
LF:11
LH:5
BRF:0
BRH:0
end_of_record
TN:
SF:src\repositories\postgres\transaction\update-transaction.js
FN:6,execute
FNF:1
FNH:0
FNDA:0,execute
DA:1,1
DA:2,1
DA:3,1
DA:4,1
DA:5,1
DA:6,1
DA:7,0
DA:8,0
DA:9,0
DA:10,0
DA:11,0
DA:12,0
DA:13,0
DA:14,0
DA:15,0
DA:16,0
DA:17,0
DA:18,0
DA:19,0
DA:20,0
DA:21,0
DA:22,0
DA:23,0
DA:24,0
DA:25,1
LF:25
LH:7
BRF:0
BRH:0
end_of_record
TN:
SF:src\repositories\postgres\user\create-user.js
FN:4,execute
FNF:1
FNH:1
FNDA:3,execute
DA:1,1
DA:2,1
DA:3,1
DA:4,1
DA:5,3
DA:6,3
DA:7,3
DA:8,3
DA:9,3
DA:10,3
DA:11,3
DA:12,3
DA:13,3
DA:14,2
DA:15,2
DA:16,2
DA:17,1
LF:17
LH:17
BRDA:4,0,0,3
BRDA:13,1,0,2
BRF:2
BRH:2
end_of_record
TN:
SF:src\repositories\postgres\user\delete-user.js
FN:6,execute
FNF:1
FNH:1
FNDA:4,execute
DA:1,1
DA:2,1
DA:3,1
DA:4,1
DA:5,1
DA:6,1
DA:7,4
DA:8,4
DA:9,4
DA:10,4
DA:11,4
DA:12,4
DA:13,4
DA:14,4
DA:15,3
DA:16,3
DA:17,3
DA:18,3
DA:19,3
DA:20,1
DA:21,1
DA:22,1
DA:23,4
DA:24,1
LF:24
LH:24
BRDA:6,0,0,4
BRDA:14,1,0,3
BRDA:19,2,0,1
BRF:3
BRH:3
end_of_record
TN:
SF:src\repositories\postgres\user\get-user-balance.js
FN:5,execute
FNF:1
FNH:1
FNDA:1,execute
DA:1,1
DA:2,1
DA:3,1
DA:4,1
DA:5,1
DA:6,1
DA:7,1
DA:8,1
DA:9,1
DA:10,1
DA:11,1
DA:12,1
DA:13,1
DA:14,1
DA:15,1
DA:16,1
DA:17,1
DA:18,1
DA:19,1
DA:20,1
DA:21,1
DA:22,1
DA:23,1
DA:24,1
DA:25,1
DA:26,1
DA:27,1
DA:28,1
DA:29,1
DA:30,1
DA:31,1
DA:32,1
DA:33,1
DA:34,1
DA:35,1
DA:36,1
DA:37,1
DA:38,1
DA:39,1
DA:40,1
DA:41,1
DA:42,1
DA:43,1
DA:44,1
DA:45,1
DA:46,1
DA:47,1
DA:48,1
DA:49,1
DA:50,1
DA:51,1
DA:52,1
DA:53,1
DA:54,1
DA:55,1
DA:56,1
DA:57,1
LF:57
LH:57
BRDA:5,0,0,1
BRF:1
BRH:1
end_of_record
TN:
SF:src\repositories\postgres\user\get-user-by-email.js
FN:4,execute
FNF:1
FNH:1
FNDA:3,execute
DA:1,1
DA:2,1
DA:3,1
DA:4,1
DA:5,3
DA:6,3
DA:7,3
DA:8,3
DA:9,3
DA:10,3
DA:11,1
LF:11
LH:11
BRDA:4,0,0,3
BRF:1
BRH:1
end_of_record
TN:
SF:src\repositories\postgres\user\get-user-by-id.js
FN:4,execute
FNF:1
FNH:1
FNDA:3,execute
DA:1,1
DA:2,1
DA:3,1
DA:4,1
DA:5,3
DA:6,3
DA:7,3
DA:8,3
DA:9,3
DA:10,3
DA:11,1
LF:11
LH:11
BRDA:4,0,0,3
BRF:1
BRH:1
end_of_record
TN:
SF:src\repositories\postgres\user\update-user.js
FN:6,execute
FNF:1
FNH:1
FNDA:4,execute
DA:1,1
DA:2,1
DA:3,1
DA:4,1
DA:5,1
DA:6,1
DA:7,4
DA:8,4
DA:9,4
DA:10,4
DA:11,4
DA:12,4
DA:13,4
DA:14,4
DA:15,4
DA:16,3
DA:17,3
DA:18,3
DA:19,3
DA:20,3
DA:21,1
DA:22,1
DA:23,1
DA:24,4
DA:25,1
LF:25
LH:25
BRDA:6,0,0,4
BRDA:15,1,0,3
BRDA:20,2,0,1
BRF:3
BRH:3
end_of_record
TN:
SF:src\schemas\index.js
FN:1,(empty-report)
FNF:1
FNH:0
FNDA:0,(empty-report)
DA:1,0
DA:2,0
LF:2
LH:0
BRDA:1,0,0,0
BRF:1
BRH:0
end_of_record
TN:
SF:src\schemas\transaction.js
FN:28,errorMap
FNF:1
FNH:1
FNDA:3,errorMap
DA:1,1
DA:2,1
DA:3,1
DA:4,1
DA:5,1
DA:6,1
DA:7,1
DA:8,1
DA:9,1
DA:10,1
DA:11,1
DA:12,1
DA:13,1
DA:14,1
DA:15,1
DA:16,1
DA:17,1
DA:18,1
DA:19,1
DA:20,1
DA:21,1
DA:22,1
DA:23,1
DA:24,1
DA:25,1
DA:26,1
DA:27,1
DA:28,1
DA:29,3
DA:30,3
DA:31,1
DA:32,1
DA:33,1
DA:34,1
DA:35,1
DA:36,1
DA:37,1
DA:38,1
DA:39,1
DA:40,1
DA:41,17
DA:42,17
DA:43,17
DA:44,17
DA:45,17
DA:46,1
DA:47,1
DA:48,1
DA:49,1
DA:50,1
DA:51,1
DA:52,1
DA:53,1
DA:54,1
DA:55,1
DA:56,1
LF:56
LH:56
BRDA:28,0,0,3
BRDA:40,1,0,17
BRF:2
BRH:2
end_of_record
TN:
SF:src\schemas\user.js
FNF:0
FNH:0
DA:1,1
DA:2,1
DA:3,1
DA:4,1
DA:5,1
DA:6,1
DA:7,1
DA:8,1
DA:9,1
DA:10,1
DA:11,1
DA:12,1
DA:13,1
DA:14,1
DA:15,1
DA:16,1
DA:17,1
DA:18,1
DA:19,1
DA:20,1
DA:21,1
DA:22,1
DA:23,1
DA:24,1
DA:25,1
DA:26,1
DA:27,1
DA:28,1
DA:29,1
DA:30,1
DA:31,1
DA:32,1
DA:33,1
DA:34,1
DA:35,1
DA:36,1
DA:37,1
DA:38,1
DA:39,1
DA:40,1
DA:41,1
DA:42,1
DA:43,1
LF:43
LH:43
BRF:0
BRH:0
end_of_record
TN:
SF:src\tests\index.js
FN:1,get
FN:2,get
FNF:2
FNH:2
FNDA:16,get
FNDA:26,get
DA:1,16
DA:2,26
LF:2
LH:2
BRDA:1,0,0,7
BRDA:1,1,0,0
BRDA:1,2,0,0
BRDA:1,3,0,0
BRDA:1,4,0,16
BRDA:2,5,0,14
BRDA:2,6,0,0
BRDA:2,7,0,0
BRDA:2,8,0,0
BRDA:2,9,0,26
BRF:10
BRH:4
end_of_record
TN:
SF:src\tests\fixtures\transaction.js
FNF:0
FNH:0
DA:1,1
DA:2,1
DA:3,1
DA:4,1
DA:5,1
DA:6,1
DA:7,1
DA:8,1
DA:9,1
DA:10,1
LF:10
LH:10
BRF:0
BRH:0
end_of_record
TN:
SF:src\tests\fixtures\user.js
FNF:0
FNH:0
DA:1,1
DA:2,1
DA:3,1
DA:4,1
DA:5,1
DA:6,1
DA:7,1
DA:8,1
DA:9,1
DA:10,1
DA:11,1
DA:12,1
DA:13,1
DA:14,1
DA:15,1
DA:16,1
DA:17,1
DA:18,1
LF:18
LH:18
BRF:0
BRH:0
end_of_record
TN:
SF:src\use-cases\index.js
FN:1,get
FN:2,get
FN:3,get
FN:4,get
FN:5,get
FN:7,get
FN:8,get
FN:9,get
FN:10,get
FNF:9
FNH:9
FNDA:1,get
FNDA:1,get
FNDA:1,get
FNDA:1,get
FNDA:1,get
FNDA:1,get
FNDA:1,get
FNDA:1,get
FNDA:1,get
DA:1,1
DA:2,1
DA:3,1
DA:4,1
DA:5,1
DA:6,1
DA:7,1
DA:8,1
DA:9,1
DA:10,1
LF:10
LH:10
BRDA:1,0,0,2
BRDA:1,1,0,0
BRDA:1,2,0,0
BRDA:1,3,0,0
BRDA:1,4,0,1
BRDA:2,5,0,2
BRDA:2,6,0,0
BRDA:2,7,0,0
BRDA:2,8,0,0
BRDA:2,9,0,1
BRDA:3,10,0,2
BRDA:3,11,0,0
BRDA:3,12,0,0
BRDA:3,13,0,0
BRDA:3,14,0,1
BRDA:4,15,0,2
BRDA:4,16,0,0
BRDA:4,17,0,0
BRDA:4,18,0,0
BRDA:4,19,0,1
BRDA:5,20,0,2
BRDA:5,21,0,0
BRDA:5,22,0,0
BRDA:5,23,0,0
BRDA:5,24,0,1
BRDA:7,25,0,2
BRDA:7,26,0,0
BRDA:7,27,0,0
BRDA:7,28,0,0
BRDA:7,29,0,1
BRDA:8,30,0,2
BRDA:8,31,0,0
BRDA:8,32,0,0
BRDA:8,33,0,0
BRDA:8,34,0,1
BRDA:9,35,0,2
BRDA:9,36,0,0
BRDA:9,37,0,0
BRDA:9,38,0,0
BRDA:9,39,0,1
BRDA:10,40,0,2
BRDA:10,41,0,0
BRDA:10,42,0,0
BRDA:10,43,0,0
BRDA:10,44,0,1
BRF:45
BRH:18
end_of_record
TN:
SF:src\use-cases\transaction\create-transaction.js
FN:4,CreateTransactionUseCase
FN:14,execute
FNF:2
FNH:2
FNDA:9,CreateTransactionUseCase
FNDA:8,execute
DA:1,1
DA:2,1
DA:3,1
DA:4,1
DA:5,9
DA:6,9
DA:7,9
DA:8,9
DA:9,9
DA:10,9
DA:11,9
DA:12,9
DA:13,1
DA:14,1
DA:15,8
DA:16,8
DA:17,8
DA:18,7
DA:19,8
DA:20,1
DA:21,1
DA:22,6
DA:23,6
DA:24,6
DA:25,6
DA:26,6
DA:27,6
DA:28,6
DA:29,4
DA:30,4
DA:31,4
DA:32,1
LF:32
LH:32
BRDA:4,0,0,9
BRDA:14,1,0,8
BRDA:17,2,0,7
BRDA:19,3,0,1
BRDA:21,4,0,6
BRDA:28,5,0,4
BRF:6
BRH:6
end_of_record
TN:
SF:src\use-cases\transaction\delete-transaction.js
FN:2,DeleteTransactionUseCase
FN:6,execute
FNF:2
FNH:2
FNDA:4,DeleteTransactionUseCase
FNDA:3,execute
DA:1,1
DA:2,1
DA:3,4
DA:4,4
DA:5,1
DA:6,1
DA:7,3
DA:8,3
DA:9,2
DA:10,2
DA:11,2
DA:12,1
LF:12
LH:12
BRDA:2,0,0,4
BRDA:6,1,0,3
BRDA:8,2,0,2
BRF:3
BRH:3
end_of_record
TN:
SF:src\use-cases\transaction\get-transaction-by-user-id.js
FN:4,GetTransactionsByUserIdUseCase
FN:9,execute
FNF:2
FNH:2
FNDA:1,GetTransactionsByUserIdUseCase
FNDA:6,execute
DA:1,1
DA:2,1
DA:3,1
DA:4,1
DA:5,1
DA:6,1
DA:7,1
DA:8,1
DA:9,1
DA:10,6
DA:11,5
DA:12,6
DA:13,1
DA:14,1
DA:15,4
DA:16,4
DA:17,4
DA:18,3
DA:19,3
DA:20,3
DA:21,1
LF:21
LH:21
BRDA:4,0,0,1
BRDA:9,1,0,6
BRDA:10,2,0,5
BRDA:12,3,0,1
BRDA:14,4,0,4
BRDA:17,5,0,3
BRF:6
BRH:6
end_of_record
TN:
SF:src\use-cases\transaction\update-transaction.js
FN:2,UpdateTransactionUseCase
FN:6,execute
FNF:2
FNH:2
FNDA:4,UpdateTransactionUseCase
FNDA:3,execute
DA:1,1
DA:2,1
DA:3,4
DA:4,4
DA:5,1
DA:6,1
DA:7,3
DA:8,3
DA:9,3
DA:10,3
DA:11,2
DA:12,2
DA:13,2
DA:14,1
LF:14
LH:14
BRDA:2,0,0,4
BRDA:6,1,0,3
BRDA:10,2,0,2
BRF:3
BRH:3
end_of_record
TN:
SF:src\use-cases\user\create-user.js
FN:4,CreateUserUseCase
FN:16,execute
FNF:2
FNH:2
FNDA:9,CreateUserUseCase
FNDA:8,execute
DA:1,1
DA:2,1
DA:3,1
DA:4,1
DA:5,9
DA:6,9
DA:7,9
DA:8,9
DA:9,9
DA:10,9
DA:11,9
DA:12,9
DA:13,9
DA:14,9
DA:15,1
DA:16,1
DA:17,8
DA:18,8
DA:19,8
DA:20,7
DA:21,8
DA:22,1
DA:23,1
DA:24,6
DA:25,6
DA:26,6
DA:27,6
DA:28,6
DA:29,6
DA:30,4
DA:31,4
DA:32,4
DA:33,4
DA:34,4
DA:35,4
DA:36,4
DA:37,4
DA:38,3
DA:39,3
DA:40,3
DA:41,1
LF:41
LH:41
BRDA:4,0,0,9
BRDA:16,1,0,8
BRDA:19,2,0,7
BRDA:21,3,0,1
BRDA:23,4,0,6
BRDA:29,5,0,4
BRDA:37,6,0,3
BRF:7
BRH:7
end_of_record
TN:
SF:src\use-cases\user\delete-user.js
FN:2,DeleteUserUseCase
FN:6,execute
FNF:2
FNH:2
FNDA:4,DeleteUserUseCase
FNDA:3,execute
DA:1,1
DA:2,1
DA:3,4
DA:4,4
DA:5,1
DA:6,1
DA:7,3
DA:8,2
DA:9,2
DA:10,2
DA:11,1
LF:11
LH:11
BRDA:2,0,0,4
BRDA:6,1,0,3
BRDA:7,2,0,2
BRF:3
BRH:3
end_of_record
TN:
SF:src\use-cases\user\get-user-balance.js
FN:4,GetUserBalanceUseCase
FN:9,execute
FNF:2
FNH:2
FNDA:1,GetUserBalanceUseCase
FNDA:6,execute
DA:1,1
DA:2,1
DA:3,1
DA:4,1
DA:5,1
DA:6,1
DA:7,1
DA:8,1
DA:9,1
DA:10,6
DA:11,5
DA:12,6
DA:13,1
DA:14,1
DA:15,4
DA:16,4
DA:17,3
DA:18,3
DA:19,3
DA:20,1
LF:20
LH:20
BRDA:4,0,0,1
BRDA:9,1,0,6
BRDA:10,2,0,5
BRDA:12,3,0,1
BRDA:14,4,0,4
BRDA:16,5,0,3
BRF:6
BRH:6
end_of_record
TN:
SF:src\use-cases\user\get-user-by-id.js
FN:2,GetUserByIdUseCase
FN:5,execute
FNF:2
FNH:2
FNDA:4,GetUserByIdUseCase
FNDA:3,execute
DA:1,1
DA:2,1
DA:3,4
DA:4,4
DA:5,1
DA:6,3
DA:7,2
DA:8,2
DA:9,2
DA:10,1
LF:10
LH:10
BRDA:2,0,0,4
BRDA:5,1,0,3
BRDA:6,2,0,2
BRF:3
BRH:3
end_of_record
TN:
SF:src\use-cases\user\update-user.js
FN:4,UpdateUserUseCase
FN:14,execute
FNF:2
FNH:2
FNDA:9,UpdateUserUseCase
FNDA:8,execute
DA:1,1
DA:2,1
DA:3,1
DA:4,1
DA:5,9
DA:6,9
DA:7,9
DA:8,9
DA:9,9
DA:10,9
DA:11,9
DA:12,9
DA:13,1
DA:14,1
DA:15,8
DA:16,5
DA:17,5
DA:18,5
DA:19,4
DA:20,5
DA:21,1
DA:22,1
DA:23,5
DA:24,6
DA:25,6
DA:26,6
DA:27,8
DA:28,4
DA:29,4
DA:30,4
DA:31,3
DA:32,3
DA:33,3
DA:34,5
DA:35,5
DA:36,4
DA:37,4
DA:38,4
DA:39,1
LF:39
LH:39
BRDA:4,0,0,9
BRDA:14,1,0,8
BRDA:15,2,0,5
BRDA:18,3,0,4
BRDA:20,4,0,1
BRDA:20,5,0,1
BRDA:23,6,0,6
BRDA:27,7,0,4
BRDA:30,8,0,3
BRDA:33,9,0,5
BRDA:35,10,0,4
BRF:11
BRH:11
end_of_record
